(00:00:00.0129720) TabletPlayer[log]: Found Perception interface: 'ITabletSubscribing'
(00:00:00.0158259) TabletPlayer[log]: Subscribed to event 'ITabletSubscribing.ReceiveZ'
(00:00:00.0196306) TabletPlayer[log]: Attempt to start service on port '2000'
(00:00:00.0198241) TabletPlayer[log]: Attempt to start Slow service on port '2000'
(00:00:00.0506804) TabletPlayer[log]: Creating publisher from type 'ITabletPublishing'
(00:00:00.1567834) TabletPlayer[log]: Fast XMLRPC Listening on port 2000 c: filipa
(00:00:00.1735264) TabletPlayer[log]: Searching for Thalamus Character filipa...
(00:00:00.2423865) TabletPlayer[log]: Slow Port unavaliable.
(00:00:00.2425723) TabletPlayer[log]: Attempt to start Slow service on port '2001'
(00:00:00.3605108) TabletPlayer[log]: Slow XMLRPC Listening on port 2001
(00:00:00.4384556) TabletPlayer[log]: XMLRPC Listening on http://*:7002/
(00:00:02.1695852) TabletPlayer[log]: Unable to find Thalamus Character filipa.
(00:00:03.2555106) TabletPlayer[log]: Searching for Thalamus Character filipa...
(00:00:05.2618446) TabletPlayer[log]: Unable to find Thalamus Character filipa.
(00:00:06.3159800) TabletPlayer[log]: Searching for Thalamus Character filipa...
(00:00:08.3199474) TabletPlayer[log]: Unable to find Thalamus Character filipa.
(00:00:09.3739899) TabletPlayer[log]: Searching for Thalamus Character filipa...
(00:00:11.3776524) TabletPlayer[log]: Unable to find Thalamus Character filipa.
(00:00:12.4419656) TabletPlayer[log]: Searching for Thalamus Character filipa...
(00:00:14.4618739) TabletPlayer[log]: Unable to find Thalamus Character filipa.
(00:00:15.5579099) TabletPlayer[log]: Searching for Thalamus Character filipa...
(00:00:17.5557531) TabletPlayer[log]: Unable to find Thalamus Character filipa.
(00:00:18.6178157) TabletPlayer[log]: Searching for Thalamus Character filipa...
(00:00:20.6183994) TabletPlayer[log]: Unable to find Thalamus Character filipa.
(00:00:21.7174999) TabletPlayer[log]: Searching for Thalamus Character filipa...
(00:00:22.4398167) TabletPlayer[log]: Found Thalamus Master for character 'filipa' at '194.210.223.28:2002/2003'.
(00:00:22.4506153) TabletPlayer[log]: Set Master fast endpoint to 194.210.223.28:2002
(00:00:22.4512839) TabletPlayer[log]: Set Master slow endpoint to 194.210.223.28:2003
(00:00:22.4517618) TabletPlayer[log]: Connecting... f: 2000 s: 2001
(00:00:22.5118401) TabletPlayer[log]: Connected with clientId 'f5a09e07-8d5d-4d3a-9e49-3935fe8da21d'
(00:00:22.5516298) TabletPlayer[log]: Performing registration...
(00:00:22.5684533) TabletPlayer[log]: Cleared subscriptions of character filipa.
(00:00:22.5686937) TabletPlayer[log]: Announcing event information...
(00:00:22.5812391) TabletPlayer[log]: Done.
(00:00:22.5813897) TabletPlayer[log]: Announcing and Subscribing to events...
(00:00:22.6081606) TabletPlayer[log]: Done.
(00:00:22.9162492) TabletPlayer[log]: 22.915791::Received:IThalamusClient.Connected:(IThalamusClient.Connected):[uid=f5a09e07-8d5d-4d3a-9e49-3935fe8da21d;port=2004;]
(00:00:15.1967506) TabletPlayer[log]: 15.1967434::Received:ITabletSubscribing.ReceiveZ:(ITabletSubscribing.ReceiveZ):[]
(00:00:15.2463270) TabletPlayer[error]: Exception in ReceiveEvent: Exception has been thrown by the target of an invocation.: CookComputing.XmlRpc.XmlRpcFaultException: Server returned a fault exception: [0] unsupported method called: ReceiveZ
   at CookComputing.XmlRpc.XmlRpcSerializer.DeserializeResponse(XmlDocument xdoc, Type returnType)
   at CookComputing.XmlRpc.XmlRpcSerializer.DeserializeResponse(Stream stm, Type svcType)
   at CookComputing.XmlRpc.XmlRpcClientProtocol.ReadResponse(XmlRpcRequest req, WebResponse webResp, Stream respStm, Type returnType)
   at CookComputing.XmlRpc.XmlRpcClientProtocol.Invoke(Object clientObj, MethodInfo mi, Object[] parameters)
   at CookComputing.XmlRpc.XmlRpcClientProtocol.Invoke(MethodInfo mi, Object[] Parameters)
   at XmlRpcProxyd2fc016c-d2e0-4daf-b114-f0f3d4eae4ef.ReceiveZ()
   at ThalamusConnector.ReceiveZ() in C:\Users\Filipa\Devel\for-the-planet\ThalamusTabletClient\ThalamusConnector.cs:line 47.
(00:00:33.1959747) TabletPlayer[log]: Sending Master a Disconnect message...
(00:00:33.2234397) TabletPlayer[log]: Sent disconnect message.
(00:00:33.2236054) TabletPlayer[log]: Set shutdown flag.
(00:00:33.2332977) TabletPlayer[log]: Terminated SendMessagesDispatcher
(00:00:33.2333375) TabletPlayer[log]: Terminated ReceiveFastHttpRequestsDispatcher
(00:00:33.2333663) TabletPlayer[log]: Terminated ReceiveSlowHttpRequestsDispatcher
(00:00:33.2333648) TabletPlayer[log]: Terminated ReceiveMessagesDispatcher
(00:00:33.7333301) TabletPlayer[log]: Terminated AutoDiscoveryClient
(00:00:33.7347508) TabletPlayer[log]: Stopped Fast HTTP listener.
(00:00:33.7379627) TabletPlayer[log]: Stopped Slow HTTP listener.
(00:00:33.7463333) TabletPlayer[log]: Terminated FastHttpListenerThread
(00:00:33.7500747) TabletPlayer[log]: Terminated SlowHttpListenerThread
(00:00:33.7647106) TabletPlayer[log]: Dumped log to 'Logs\TabletPlayer.2020-3-3at13-10-39-57.log'
