(00:00:00.0177040) TabletPlayer[log]: Attempt to start service on port '2000'
(00:00:00.0187826) TabletPlayer[log]: Attempt to start Slow service on port '2000'
(00:00:00.1198135) TabletPlayer[log]: Creating publisher from type 'ITabletPublishing'
(00:00:00.4568381) TabletPlayer[log]: Searching for Thalamus Character filipa...
(00:00:00.4591072) TabletPlayer[log]: XMLRPC Listening on http://*:7002/
(00:00:00.4702410) TabletPlayer[log]: Fast XMLRPC Listening on port 2000 c: filipa
(00:00:00.5714532) TabletPlayer[log]: Slow Port unavaliable.
(00:00:00.5715738) TabletPlayer[log]: Attempt to start Slow service on port '2001'
(00:00:00.7377529) TabletPlayer[log]: Slow XMLRPC Listening on port 2001
(00:00:01.0118919) TabletPlayer[log]: Found Thalamus Master for character 'filipa' at '194.210.223.28:2002/2003'.
(00:00:01.0170350) TabletPlayer[log]: Set Master fast endpoint to 194.210.223.28:2002
(00:00:01.0173020) TabletPlayer[log]: Set Master slow endpoint to 194.210.223.28:2003
(00:00:01.0174393) TabletPlayer[log]: Connecting... f: 2000 s: 2001
(00:00:01.0678171) TabletPlayer[log]: Connected with clientId '4a1da83d-a8c0-419b-9ded-266678dcd03d'
(00:00:01.1242075) TabletPlayer[log]: Performing registration...
(00:00:01.1378092) TabletPlayer[log]: Cleared subscriptions of character filipa.
(00:00:01.1380955) TabletPlayer[log]: Announcing event information...
(00:00:01.1535688) TabletPlayer[log]: Done.
(00:00:01.1536962) TabletPlayer[log]: Announcing and Subscribing to events...
(00:00:01.1761156) TabletPlayer[log]: Done.
(00:00:01.5409803) TabletPlayer[log]: 1.5405085::Received:IThalamusClient.Connected:(IThalamusClient.Connected):[uid=4a1da83d-a8c0-419b-9ded-266678dcd03d;port=2004;]
(00:15:32.3602327) TabletPlayer[log]: Sending Master a Disconnect message...
(00:15:32.3888643) TabletPlayer[log]: Sent disconnect message.
(00:15:32.3891567) TabletPlayer[log]: Set shutdown flag.
(00:15:32.4029904) TabletPlayer[log]: Terminated ReceiveSlowHttpRequestsDispatcher
(00:15:32.4030041) TabletPlayer[log]: Terminated ReceiveFastHttpRequestsDispatcher
(00:15:32.4030356) TabletPlayer[log]: Terminated ReceiveMessagesDispatcher
(00:15:32.4029988) TabletPlayer[log]: Terminated SendMessagesDispatcher
(00:15:32.4499098) TabletPlayer[log]: Terminated AutoDiscoveryClient
(00:15:32.4514526) TabletPlayer[log]: Stopped Fast HTTP listener.
(00:15:32.4593366) TabletPlayer[log]: Stopped Slow HTTP listener.
(00:15:32.4672808) TabletPlayer[log]: Terminated SlowHttpListenerThread
(00:15:32.4672808) TabletPlayer[log]: Terminated FastHttpListenerThread
(00:15:32.4826089) TabletPlayer[log]: Dumped log to 'Logs\TabletPlayer.2020-3-3at13-26-20-141.log'
