(00:00:00.0126038) TabletPlayer[log]: Found Perception interface: 'ITabletSubscribing'
(00:00:00.0155366) TabletPlayer[log]: Subscribed to event 'ITabletSubscribing.ReceiveZ'
(00:00:00.0200653) TabletPlayer[log]: Attempt to start service on port '2000'
(00:00:00.0205492) TabletPlayer[log]: Attempt to start Slow service on port '2000'
(00:00:00.0556816) TabletPlayer[log]: Creating publisher from type 'ITabletPublishing'
(00:00:00.0558216) TabletPlayer[log]: Found Action interface: 'LOL'
(00:00:00.0562122) TabletPlayer[log]: Announced event 'LOL.SendA'
(00:00:00.0567769) TabletPlayer[log]: Registered action 'LOL.SendA' in publisher.
(00:00:00.1834478) TabletPlayer[log]: Slow XMLRPC Listening on port 2000
(00:00:00.2171121) TabletPlayer[log]: Searching for Thalamus Character filipa...
(00:00:00.2238101) TabletPlayer[log]: Port -1 unavaliable.
(00:00:00.2313702) TabletPlayer[log]: Attempt to start service on port '2001'
(00:00:00.4267710) TabletPlayer[log]: XMLRPC Listening on http://*:7002/
(00:00:00.5013628) TabletPlayer[log]: Fast XMLRPC Listening on port 2001 c: filipa
(00:00:00.9078782) TabletPlayer[log]: Found Thalamus Master for character 'filipa' at '194.210.223.28:2002/2003'.
(00:00:00.9138155) TabletPlayer[log]: Set Master fast endpoint to 194.210.223.28:2002
(00:00:00.9141219) TabletPlayer[log]: Set Master slow endpoint to 194.210.223.28:2003
(00:00:00.9143362) TabletPlayer[log]: Connecting... f: 2001 s: 2000
(00:00:00.9540409) TabletPlayer[log]: Connected with clientId '2b7761d4-a72e-4a2a-8809-49d34398d7c3'
(00:00:00.9980142) TabletPlayer[log]: Performing registration...
(00:00:01.0038369) TabletPlayer[log]: Cleared subscriptions of character filipa.
(00:00:01.0040265) TabletPlayer[log]: Announcing event information...
(00:00:01.0150394) TabletPlayer[log]: Done.
(00:00:01.0151789) TabletPlayer[log]: Announcing and Subscribing to events...
(00:00:01.0344774) TabletPlayer[log]: Done.
(00:00:01.4184009) TabletPlayer[log]: 1.4176973::Received:IThalamusClient.Connected:(IThalamusClient.Connected):[uid=2b7761d4-a72e-4a2a-8809-49d34398d7c3;port=2004;]
(01:36:10.8567622) TabletPlayer[log]: 5770.856755::Received:ITabletSubscribing.ReceiveZ:(ITabletSubscribing.ReceiveZ):[]
(01:36:12.8927667) TabletPlayer[error]: Exception in ReceiveEvent: Exception has been thrown by the target of an invocation.: System.Net.WebException: The operation has timed out
   at System.Net.HttpWebRequest.GetRequestStream(TransportContext& context)
   at System.Net.HttpWebRequest.GetRequestStream()
   at CookComputing.XmlRpc.XmlRpcClientProtocol.Invoke(Object clientObj, MethodInfo mi, Object[] parameters)
   at CookComputing.XmlRpc.XmlRpcClientProtocol.Invoke(MethodInfo mi, Object[] Parameters)
   at XmlRpcProxydc8f36ba-492c-4629-9ce9-94462fffbda4.ReceiveZ()
   at ThalamusConnector.ReceiveZ() in C:\Users\Filipa\Devel\for-the-planet\ThalamusTabletClient\ThalamusConnector.cs:line 49.
(01:36:40.3252521) TabletPlayer[log]: Sending Master a Disconnect message...
(01:36:40.3542030) TabletPlayer[log]: Sent disconnect message.
(01:36:40.3544263) TabletPlayer[log]: Set shutdown flag.
(01:36:40.3560977) TabletPlayer[log]: Terminated ReceiveMessagesDispatcher
(01:36:40.3561281) TabletPlayer[log]: Terminated ReceiveFastHttpRequestsDispatcher
(01:36:40.3560958) TabletPlayer[log]: Terminated ReceiveSlowHttpRequestsDispatcher
(01:36:40.3561315) TabletPlayer[log]: Terminated SendMessagesDispatcher
(01:36:40.7845338) TabletPlayer[log]: Terminated AutoDiscoveryClient
(01:36:40.7857189) TabletPlayer[log]: Stopped Fast HTTP listener.
(01:36:40.7886218) TabletPlayer[log]: Stopped Slow HTTP listener.
(01:36:40.7931698) TabletPlayer[log]: Terminated FastHttpListenerThread
(01:36:40.7972616) TabletPlayer[log]: Terminated SlowHttpListenerThread
(01:36:40.8106311) TabletPlayer[log]: Dumped log to 'Logs\TabletPlayer.2020-3-3at14-46-56-687.log'
