(00:00:00.0251985) TabletPlayer[log]: Found Perception interface: 'ITabletSubscribing'
(00:00:00.0280600) TabletPlayer[log]: Subscribed to event 'ITabletSubscribing.ReceiveZ'
(00:00:00.0587847) TabletPlayer[log]: Attempt to start service on port '2000'
(00:00:00.0622060) TabletPlayer[log]: Attempt to start Slow service on port '2000'
(00:00:00.1099661) TabletPlayer[log]: Creating publisher from type 'ITabletPublishing'
(00:00:00.2624616) TabletPlayer[log]: Port -1 unavaliable.
(00:00:00.2626008) TabletPlayer[log]: Attempt to start service on port '2001'
(00:00:00.2965473) TabletPlayer[log]: Searching for Thalamus Character filipa...
(00:00:00.3289070) TabletPlayer[log]: Slow Port unavaliable.
(00:00:00.3443294) TabletPlayer[log]: Attempt to start Slow service on port '2001'
(00:00:00.4657032) TabletPlayer[log]: XMLRPC Listening on http://*:7000/
(00:00:00.6598317) TabletPlayer[log]: Port -1 unavaliable.
(00:00:00.6600171) TabletPlayer[log]: Attempt to start service on port '2002'
(00:00:00.6756413) TabletPlayer[log]: Slow Port unavaliable.
(00:00:00.6757468) TabletPlayer[log]: Attempt to start Slow service on port '2002'
(00:00:00.7402325) TabletPlayer[log]: Port -1 unavaliable.
(00:00:00.7403451) TabletPlayer[log]: Attempt to start service on port '2003'
(00:00:00.7503317) TabletPlayer[log]: Slow Port unavaliable.
(00:00:00.7505069) TabletPlayer[log]: Attempt to start Slow service on port '2003'
(00:00:00.8062955) TabletPlayer[log]: Found Thalamus Master for character 'filipa' at '194.210.223.37:2002/2003'.
(00:00:00.8277861) TabletPlayer[log]: Port -1 unavaliable.
(00:00:00.8279276) TabletPlayer[log]: Attempt to start service on port '2004'
(00:00:00.8620580) TabletPlayer[log]: Slow Port unavaliable.
(00:00:00.8622385) TabletPlayer[log]: Attempt to start Slow service on port '2004'
(00:00:00.9085093) TabletPlayer[log]: Fast XMLRPC Listening on port 2004 c: filipa
(00:00:00.9238320) TabletPlayer[log]: Slow Port unavaliable.
(00:00:00.9239754) TabletPlayer[log]: Attempt to start Slow service on port '2005'
(00:00:00.9762357) TabletPlayer[log]: Slow XMLRPC Listening on port 2005
(00:00:01.0294905) TabletPlayer[log]: Set Master fast endpoint to 194.210.223.37:2002
(00:00:01.0300207) TabletPlayer[log]: Set Master slow endpoint to 194.210.223.37:2003
(00:00:01.0302699) TabletPlayer[log]: Connecting... f: 2004 s: 2005
(00:00:01.0623197) TabletPlayer[log]: Connected with clientId '6a988f7c-a54e-4649-8743-61428f55b5f2'
(00:00:01.1151410) TabletPlayer[log]: Performing registration...
(00:00:01.1198992) TabletPlayer[log]: Cleared subscriptions of character filipa.
(00:00:01.1201468) TabletPlayer[log]: Announcing event information...
(00:00:01.1355382) TabletPlayer[log]: Done.
(00:00:01.1356903) TabletPlayer[log]: Announcing and Subscribing to events...
(00:00:01.1800902) TabletPlayer[log]: Done.
(00:00:01.6232490) TabletPlayer[log]: 1.6227791::Received:IThalamusClient.Connected:(IThalamusClient.Connected):[uid=6a988f7c-a54e-4649-8743-61428f55b5f2;port=2006;]
