(00:00:00.0115961) TabletPlayer[log]: Found Perception interface: 'IThalamusTabletSubscriber'
(00:00:00.0145820) TabletPlayer[log]: Subscribed to event 'IThalamusTabletSubscriber.ReceiveZ'
(00:00:00.0186590) TabletPlayer[log]: Attempt to start service on port '2000'
(00:00:00.0189711) TabletPlayer[log]: Attempt to start Slow service on port '2000'
(00:00:00.0484731) TabletPlayer[log]: Creating publisher from type 'IThalamusTabletPublisher'
(00:00:00.0490295) TabletPlayer[log]: Found Action interface: 'ITabletPublisher'
(00:00:00.0506458) TabletPlayer[log]: Announced event 'ITabletPublisher.SendA'
(00:00:00.0511719) TabletPlayer[log]: Registered action 'ITabletPublisher.SendA' in publisher.
(00:00:00.1414372) TabletPlayer[log]: Searching for Thalamus Character filipa...
(00:00:00.1445262) TabletPlayer[log]: Slow XMLRPC Listening on port 2000
(00:00:00.1564641) TabletPlayer[log]: Port -1 unavaliable.
(00:00:00.1565672) TabletPlayer[log]: Attempt to start service on port '2001'
(00:00:00.2147759) TabletPlayer[log]: Fast XMLRPC Listening on port 2001 c: filipa
(00:00:00.3191631) TabletPlayer[log]: XMLRPC Listening on http://*:7000/
(00:00:00.6728868) TabletPlayer[log]: Found Thalamus Master for character 'filipa' at '194.210.223.28:2002/2003'.
(00:00:00.6997423) TabletPlayer[log]: Set Master fast endpoint to 194.210.223.28:2002
(00:00:00.7004637) TabletPlayer[log]: Set Master slow endpoint to 194.210.223.28:2003
(00:00:00.7061169) TabletPlayer[log]: Connecting... f: 2001 s: 2000
(00:00:00.7626181) TabletPlayer[log]: Connected with clientId '49e5359b-c2eb-484e-94d3-64f25c1d469e'
(00:00:00.7999953) TabletPlayer[log]: Performing registration...
(00:00:00.8128495) TabletPlayer[log]: Cleared subscriptions of character filipa.
(00:00:00.8130296) TabletPlayer[log]: Announcing event information...
(00:00:00.8241369) TabletPlayer[log]: Done.
(00:00:00.8242931) TabletPlayer[log]: Announcing and Subscribing to events...
(00:00:00.8501963) TabletPlayer[log]: Done.
(00:00:01.2751789) TabletPlayer[log]: 1.2746984::Received:IThalamusClient.Connected:(IThalamusClient.Connected):[uid=49e5359b-c2eb-484e-94d3-64f25c1d469e;port=2004;]
(02:12:36.5974682) TabletPlayer[log]: 7956.5974553::Received:IThalamusTabletSubscriber.ReceiveZ:(IThalamusTabletSubscriber.ReceiveZ):[]
(02:12:37.9354160) TabletPlayer[log]: 7957.9354099:Sent::ITabletPublisher.SendA:(ITabletPublisher.SendA):[]
(02:12:44.5025570) TabletPlayer[log]: Sending Master a Disconnect message...
(02:12:44.5319592) TabletPlayer[log]: Sent disconnect message.
(02:12:44.5321348) TabletPlayer[log]: Set shutdown flag.
(02:12:44.5342245) TabletPlayer[log]: Terminated ReceiveSlowHttpRequestsDispatcher
(02:12:44.5362156) TabletPlayer[log]: Terminated ReceiveMessagesDispatcher
(02:12:44.5392034) TabletPlayer[log]: Terminated SendMessagesDispatcher
(02:12:44.5402168) TabletPlayer[log]: Terminated ReceiveFastHttpRequestsDispatcher
(02:12:45.4471010) TabletPlayer[log]: Terminated AutoDiscoveryClient
(02:12:45.4482331) TabletPlayer[log]: Stopped Fast HTTP listener.
(02:12:45.4512368) TabletPlayer[log]: Stopped Slow HTTP listener.
(02:12:45.4559472) TabletPlayer[log]: Terminated FastHttpListenerThread
(02:12:45.4605453) TabletPlayer[log]: Terminated SlowHttpListenerThread
(02:12:45.4732052) TabletPlayer[log]: Dumped log to 'Logs\TabletPlayer.2020-3-3at15-23-21-559.log'
