(00:00:00.5106652) TabletPlayer[log]: Attempt to start service on port '2000'
(00:00:00.5277393) TabletPlayer[log]: Attempt to start Slow service on port '2000'
(00:00:00.6740238) TabletPlayer[log]: Creating publisher from type 'ITabletPublishing'
(00:00:00.8978256) TabletPlayer[log]: Searching for Thalamus Character filipa...
(00:00:00.9272290) TabletPlayer[log]: Found Thalamus Master for character 'filipa' at '194.210.223.37:2002/2003'.
(00:00:00.9752925) TabletPlayer[log]: Fast XMLRPC Listening on port 2000 c: filipa
(00:00:01.2234893) TabletPlayer[log]: Slow Port unavaliable.
(00:00:01.2236106) TabletPlayer[log]: Attempt to start Slow service on port '2001'
(00:00:01.2868971) TabletPlayer[log]: XMLRPC Listening on http://*:7000/
(00:00:01.5887833) TabletPlayer[log]: Slow XMLRPC Listening on port 2001
(00:00:01.6999915) TabletPlayer[log]: Set Master fast endpoint to 194.210.223.37:2002
(00:00:01.7002498) TabletPlayer[log]: Set Master slow endpoint to 194.210.223.37:2003
(00:00:01.7003226) TabletPlayer[log]: Connecting... f: 2000 s: 2001
(00:00:01.9524848) TabletPlayer[log]: Connected with clientId '2afc7307-bd34-4723-acff-c9ce80ba6af4'
(00:00:02.2584286) TabletPlayer[log]: Performing registration...
(00:00:02.3550302) TabletPlayer[log]: Cleared subscriptions of character filipa.
(00:00:02.3554132) TabletPlayer[log]: Announcing event information...
(00:00:02.4149117) TabletPlayer[log]: Done.
(00:00:02.4150524) TabletPlayer[log]: Announcing and Subscribing to events...
(00:00:02.5491108) TabletPlayer[log]: Done.
(00:00:03.3226800) TabletPlayer[log]: 3.3222245::Received:IThalamusClient.Connected:(IThalamusClient.Connected):[uid=2afc7307-bd34-4723-acff-c9ce80ba6af4;port=2004;]
(00:01:02.0947650) TabletPlayer[log]: Sending Master a Disconnect message...
(00:01:02.1282973) TabletPlayer[log]: Sent disconnect message.
(00:01:02.1288511) TabletPlayer[log]: Set shutdown flag.
(00:01:02.1303233) TabletPlayer[log]: Terminated SendMessagesDispatcher
(00:01:02.1320285) TabletPlayer[log]: Terminated ReceiveMessagesDispatcher
(00:01:02.1331844) TabletPlayer[log]: Terminated ReceiveFastHttpRequestsDispatcher
(00:01:02.1331882) TabletPlayer[log]: Terminated ReceiveSlowHttpRequestsDispatcher
(00:01:02.2472583) TabletPlayer[log]: Terminated AutoDiscoveryClient
(00:01:02.2489646) TabletPlayer[log]: Stopped Fast HTTP listener.
(00:01:02.2540250) TabletPlayer[log]: Stopped Slow HTTP listener.
(00:01:02.2599486) TabletPlayer[log]: Terminated FastHttpListenerThread
(00:01:02.2665241) TabletPlayer[log]: Terminated SlowHttpListenerThread
(00:01:02.2809321) TabletPlayer[log]: Dumped log to 'Logs\TabletPlayer.2020-3-2at17-48-10-95.log'
