(00:00:00.0131249) TabletPlayer[log]: Found Perception interface: 'ITabletSubscribing'
(00:00:00.0159041) TabletPlayer[log]: Subscribed to event 'ITabletSubscribing.ReceiveZ'
(00:00:00.0427277) TabletPlayer[log]: Attempt to start service on port '2000'
(00:00:00.0465305) TabletPlayer[log]: Attempt to start Slow service on port '2000'
(00:00:00.0760264) TabletPlayer[log]: Creating publisher from type 'ITabletPublishing'
(00:00:00.1657672) TabletPlayer[log]: Searching for Thalamus Character filipa...
(00:00:00.1840235) TabletPlayer[log]: Port -1 unavaliable.
(00:00:00.1841312) TabletPlayer[log]: Attempt to start service on port '2001'
(00:00:00.1867078) TabletPlayer[log]: Slow Port unavaliable.
(00:00:00.1868057) TabletPlayer[log]: Attempt to start Slow service on port '2001'
(00:00:00.2561520) TabletPlayer[log]: Slow Port unavaliable.
(00:00:00.2562900) TabletPlayer[log]: Attempt to start Slow service on port '2002'
(00:00:00.2583213) TabletPlayer[log]: Port -1 unavaliable.
(00:00:00.2583888) TabletPlayer[log]: Attempt to start service on port '2002'
(00:00:00.2892015) TabletPlayer[log]: Found Thalamus Character 'SERA'
(00:00:00.3871118) TabletPlayer[log]: XMLRPC Listening on http://*:7000/
(00:00:00.3928989) TabletPlayer[log]: Port -1 unavaliable.
(00:00:00.3930188) TabletPlayer[log]: Attempt to start service on port '2003'
(00:00:00.3972148) TabletPlayer[log]: Slow Port unavaliable.
(00:00:00.3973176) TabletPlayer[log]: Attempt to start Slow service on port '2003'
(00:00:00.4669912) TabletPlayer[log]: Port -1 unavaliable.
(00:00:00.4671876) TabletPlayer[log]: Attempt to start service on port '2004'
(00:00:00.4683072) TabletPlayer[log]: Slow Port unavaliable.
(00:00:00.4684388) TabletPlayer[log]: Attempt to start Slow service on port '2004'
(00:00:00.5231659) TabletPlayer[log]: Fast XMLRPC Listening on port 2004 c: filipa
(00:00:00.5316392) TabletPlayer[log]: Slow Port unavaliable.
(00:00:00.5317788) TabletPlayer[log]: Attempt to start Slow service on port '2005'
(00:00:00.5780886) TabletPlayer[log]: Slow XMLRPC Listening on port 2005
(00:00:01.5449314) TabletPlayer[log]: Searching for Thalamus Character filipa...
(00:00:01.7893162) TabletPlayer[log]: Found Thalamus Master for character 'filipa' at '194.210.223.37:2002/2003'.
(00:00:01.7936143) TabletPlayer[log]: Set Master fast endpoint to 194.210.223.37:2002
(00:00:01.7939432) TabletPlayer[log]: Set Master slow endpoint to 194.210.223.37:2003
(00:00:01.7941142) TabletPlayer[log]: Connecting... f: 2004 s: 2005
(00:00:01.8259930) TabletPlayer[log]: Connected with clientId '3bd703cc-e715-4af6-b595-ddce8e8989e5'
(00:00:01.8705400) TabletPlayer[log]: Performing registration...
(00:00:01.8858794) TabletPlayer[log]: Cleared subscriptions of character filipa.
(00:00:01.8861078) TabletPlayer[log]: Announcing event information...
(00:00:01.9010061) TabletPlayer[log]: Done.
(00:00:01.9011441) TabletPlayer[log]: Announcing and Subscribing to events...
(00:00:01.9251385) TabletPlayer[log]: Done.
(00:00:02.4513249) TabletPlayer[log]: 2.4508519::Received:IThalamusClient.Connected:(IThalamusClient.Connected):[uid=3bd703cc-e715-4af6-b595-ddce8e8989e5;port=2006;]
(00:03:55.0293277) TabletPlayer[log]: Sending Master a Disconnect message...
(00:03:55.0592298) TabletPlayer[log]: Sent disconnect message.
(00:03:55.0595116) TabletPlayer[log]: Set shutdown flag.
(00:03:55.0663317) TabletPlayer[log]: Terminated ReceiveSlowHttpRequestsDispatcher
(00:03:55.0663382) TabletPlayer[log]: Terminated ReceiveMessagesDispatcher
(00:03:55.0663480) TabletPlayer[log]: Terminated SendMessagesDispatcher
(00:03:55.0663674) TabletPlayer[log]: Terminated ReceiveFastHttpRequestsDispatcher
(00:03:55.9726759) TabletPlayer[log]: Terminated AutoDiscoveryClient
(00:03:55.9735387) TabletPlayer[log]: Stopped Fast HTTP listener.
(00:03:55.9767245) TabletPlayer[log]: Stopped Slow HTTP listener.
(00:03:55.9857011) TabletPlayer[log]: Terminated SlowHttpListenerThread
(00:03:55.9857011) TabletPlayer[log]: Terminated FastHttpListenerThread
(00:03:56.0040101) TabletPlayer[log]: Dumped log to 'Logs\TabletPlayer.2020-3-2at17-52-39-407.log'
