(00:00:00.0293392) TabletPlayer[log]: Attempt to start service on port '2000'
(00:00:00.0307216) TabletPlayer[log]: Attempt to start Slow service on port '2000'
(00:00:00.0693876) TabletPlayer[log]: Creating publisher from type 'ITabletPublishing'
(00:00:00.2324056) TabletPlayer[log]: Fast XMLRPC Listening on port 2000 c: filipa
(00:00:00.2465113) TabletPlayer[log]: Slow Port unavaliable.
(00:00:00.2466106) TabletPlayer[log]: Attempt to start Slow service on port '2001'
(00:00:00.2476024) TabletPlayer[log]: Searching for Thalamus Character filipa...
(00:00:00.3748334) TabletPlayer[log]: Found Thalamus Master for character 'filipa' at '194.210.223.37:2002/2003'.
(00:00:00.3766254) TabletPlayer[log]: XMLRPC Listening on http://*:7000/
(00:00:00.3812641) TabletPlayer[log]: Slow XMLRPC Listening on port 2001
(00:00:00.4928769) TabletPlayer[log]: Set Master fast endpoint to 194.210.223.37:2002
(00:00:00.5067376) TabletPlayer[log]: Set Master slow endpoint to 194.210.223.37:2003
(00:00:00.5068237) TabletPlayer[log]: Connecting... f: 2000 s: 2001
(00:00:00.5693320) TabletPlayer[log]: Connected with clientId '19385526-f7bb-4e3a-9a75-81ecfd49a0f1'
(00:00:00.6435608) TabletPlayer[log]: Performing registration...
(00:00:00.6739692) TabletPlayer[log]: Cleared subscriptions of character filipa.
(00:00:00.6744395) TabletPlayer[log]: Announcing event information...
(00:00:00.7207679) TabletPlayer[log]: Done.
(00:00:00.7401195) TabletPlayer[log]: Announcing and Subscribing to events...
(00:00:00.8581122) TabletPlayer[log]: Done.
(00:00:01.3190285) TabletPlayer[log]: 1.318625::Received:IThalamusClient.Connected:(IThalamusClient.Connected):[uid=19385526-f7bb-4e3a-9a75-81ecfd49a0f1;port=2004;]
(00:00:03.4585178) TabletPlayer[log]: Sending Master a Disconnect message...
(00:00:03.4934671) TabletPlayer[log]: Sent disconnect message.
(00:00:03.4936442) TabletPlayer[log]: Set shutdown flag.
(00:00:03.5011117) TabletPlayer[log]: Terminated SendMessagesDispatcher
(00:00:03.5011121) TabletPlayer[log]: Terminated ReceiveMessagesDispatcher
(00:00:03.5011379) TabletPlayer[log]: Terminated ReceiveSlowHttpRequestsDispatcher
(00:00:03.5011383) TabletPlayer[log]: Terminated ReceiveFastHttpRequestsDispatcher
(00:00:03.5948905) TabletPlayer[log]: Terminated AutoDiscoveryClient
(00:00:03.5959918) TabletPlayer[log]: Stopped Fast HTTP listener.
(00:00:03.6003692) TabletPlayer[log]: Stopped Slow HTTP listener.
(00:00:03.6082460) TabletPlayer[log]: Terminated FastHttpListenerThread
(00:00:03.6101616) TabletPlayer[log]: Terminated SlowHttpListenerThread
(00:00:03.6262364) TabletPlayer[log]: Dumped log to 'Logs\TabletPlayer.2020-3-2at17-36-42-984.log'
