(00:00:00.0272897) TabletPlayer[log]: Found Perception interface: 'ITabletSubscribing'
(00:00:00.0303344) TabletPlayer[log]: Subscribed to event 'ITabletSubscribing.ReceiveZ'
(00:00:00.0370939) TabletPlayer[log]: Attempt to start service on port '2000'
(00:00:00.0395571) TabletPlayer[log]: Attempt to start Slow service on port '2000'
(00:00:00.0658309) TabletPlayer[log]: Creating publisher from type 'ITabletPublishing'
(00:00:00.0659807) TabletPlayer[log]: Found Action interface: 'LOL'
(00:00:00.0663345) TabletPlayer[log]: Announced event 'LOL.SendA'
(00:00:00.0670073) TabletPlayer[log]: Registered action 'LOL.SendA' in publisher.
(00:00:00.2408592) TabletPlayer[log]: Searching for Thalamus Character filipa...
(00:00:00.2924305) TabletPlayer[log]: Slow XMLRPC Listening on port 2000
(00:00:00.3029196) TabletPlayer[log]: Port -1 unavaliable.
(00:00:00.3030254) TabletPlayer[log]: Attempt to start service on port '2001'
(00:00:00.4220444) TabletPlayer[log]: XMLRPC Listening on http://*:7000/
(00:00:00.4896741) TabletPlayer[log]: Found Thalamus Master for character 'filipa' at '194.210.223.28:2002/2003'.
(00:00:00.5835526) TabletPlayer[log]: Fast XMLRPC Listening on port 2001 c: filipa
(00:00:00.6394967) TabletPlayer[log]: Set Master fast endpoint to 194.210.223.28:2002
(00:00:00.6540268) TabletPlayer[log]: Set Master slow endpoint to 194.210.223.28:2003
(00:00:00.6706958) TabletPlayer[log]: Connecting... f: 2001 s: 2000
(00:00:00.7102049) TabletPlayer[log]: Connected with clientId '64c5907b-a7c6-463a-b57b-b2911d93e523'
(00:00:00.7609505) TabletPlayer[log]: Performing registration...
(00:00:00.7807291) TabletPlayer[log]: Cleared subscriptions of character filipa.
(00:00:00.7874211) TabletPlayer[log]: Announcing event information...
(00:00:00.7927147) TabletPlayer[log]: Done.
(00:00:00.8041148) TabletPlayer[log]: Announcing and Subscribing to events...
(00:00:00.8878569) TabletPlayer[log]: Done.
(00:00:01.4227938) TabletPlayer[log]: 1.4223197::Received:IThalamusClient.Connected:(IThalamusClient.Connected):[uid=64c5907b-a7c6-463a-b57b-b2911d93e523;port=2004;]
(01:43:59.9053941) TabletPlayer[log]: 6239.9053831::Received:ITabletSubscribing.ReceiveZ:(ITabletSubscribing.ReceiveZ):[]
(01:44:01.2346026) TabletPlayer[log]: 6241.2345962:Sent::LOL.SendA:(LOL.SendA):[]
(01:44:10.5422154) TabletPlayer[log]: Sending Master a Disconnect message...
(01:44:10.5677067) TabletPlayer[log]: Sent disconnect message.
(01:44:10.5678455) TabletPlayer[log]: Set shutdown flag.
(01:44:10.5683810) TabletPlayer[log]: Terminated SendMessagesDispatcher
(01:44:10.5713536) TabletPlayer[log]: Terminated ReceiveMessagesDispatcher
(01:44:10.5723522) TabletPlayer[log]: Terminated ReceiveSlowHttpRequestsDispatcher
(01:44:10.5724057) TabletPlayer[log]: Terminated ReceiveFastHttpRequestsDispatcher
(01:44:11.3481260) TabletPlayer[log]: Terminated AutoDiscoveryClient
(01:44:11.3491978) TabletPlayer[log]: Stopped Fast HTTP listener.
(01:44:11.3509348) TabletPlayer[log]: Stopped Slow HTTP listener.
(01:44:11.3583504) TabletPlayer[log]: Terminated FastHttpListenerThread
(01:44:11.3610958) TabletPlayer[log]: Terminated SlowHttpListenerThread
(01:44:11.3742113) TabletPlayer[log]: Dumped log to 'Logs\TabletPlayer.2020-3-3at14-54-28-482.log'
