(00:00:00.0121858) TabletPlayer[log]: Found Perception interface: 'ITabletSubscribing'
(00:00:00.0149658) TabletPlayer[log]: Subscribed to event 'ITabletSubscribing.ReceiveZ'
(00:00:00.0196249) TabletPlayer[log]: Attempt to start Slow service on port '2000'
(00:00:00.0231194) TabletPlayer[log]: Attempt to start service on port '2000'
(00:00:00.0263188) TabletPlayer[log]: Creating publisher from type 'ITabletPublishing'
(00:00:00.1725115) TabletPlayer[log]: Fast XMLRPC Listening on port 2000 c: filipa
(00:00:00.1877872) TabletPlayer[log]: Searching for Thalamus Character filipa...
(00:00:00.2041734) TabletPlayer[log]: Slow Port unavaliable.
(00:00:00.2042754) TabletPlayer[log]: Attempt to start Slow service on port '2001'
(00:00:00.3724361) TabletPlayer[log]: Slow XMLRPC Listening on port 2001
(00:00:00.3740248) TabletPlayer[log]: Found Thalamus Master for character 'filipa' at '194.210.223.28:2002/2003'.
(00:00:00.3729572) TabletPlayer[log]: XMLRPC Listening on http://*:7000/
(00:00:00.4028840) TabletPlayer[log]: Set Master fast endpoint to 194.210.223.28:2002
(00:00:00.4031297) TabletPlayer[log]: Set Master slow endpoint to 194.210.223.28:2003
(00:00:00.4033091) TabletPlayer[log]: Connecting... f: 2000 s: 2001
(00:00:00.4696251) TabletPlayer[log]: Connected with clientId 'c779ca3f-a210-4c9f-8861-5b8b353dad34'
(00:00:00.5059116) TabletPlayer[log]: Performing registration...
(00:00:00.5202771) TabletPlayer[log]: Cleared subscriptions of character filipa.
(00:00:00.5204360) TabletPlayer[log]: Announcing event information...
(00:00:00.5325635) TabletPlayer[log]: Done.
(00:00:00.5488806) TabletPlayer[log]: Announcing and Subscribing to events...
(00:00:00.5591899) TabletPlayer[log]: Done.
(00:00:00.8876308) TabletPlayer[log]: 0.887013::Received:IThalamusClient.Connected:(IThalamusClient.Connected):[uid=c779ca3f-a210-4c9f-8861-5b8b353dad34;port=2004;]
(01:48:45.0554161) TabletPlayer[log]: 6525.055404::Received:ITabletSubscribing.ReceiveZ:(ITabletSubscribing.ReceiveZ):[]
(01:48:46.3556874) TabletPlayer[error]: Method 'SendA' not found in type 'ITabletPublishing'!
(01:48:46.4600386) TabletPlayer[error]: Exception in ReceiveEvent: Exception has been thrown by the target of an invocation.: CookComputing.XmlRpc.XmlRpcFaultException: Server returned a fault exception: [0] 'Thalamus.ThalamusPublisher' does not contain a definition for 'SendA'
   at CookComputing.XmlRpc.XmlRpcSerializer.DeserializeResponse(XmlDocument xdoc, Type returnType)
   at CookComputing.XmlRpc.XmlRpcSerializer.DeserializeResponse(Stream stm, Type svcType)
   at CookComputing.XmlRpc.XmlRpcClientProtocol.ReadResponse(XmlRpcRequest req, WebResponse webResp, Stream respStm, Type returnType)
   at CookComputing.XmlRpc.XmlRpcClientProtocol.Invoke(Object clientObj, MethodInfo mi, Object[] parameters)
   at CookComputing.XmlRpc.XmlRpcClientProtocol.Invoke(MethodInfo mi, Object[] Parameters)
   at XmlRpcProxy00d3489e-beec-45fd-8bcc-591a2eb5f479.ReceiveZ()
   at ThalamusConnector.ReceiveZ() in C:\Users\Filipa\Devel\for-the-planet\ThalamusTabletClient\ThalamusConnector.cs:line 47.
(01:48:51.1462260) TabletPlayer[log]: Sending Master a Disconnect message...
(01:48:51.1685020) TabletPlayer[log]: Sent disconnect message.
(01:48:51.1686969) TabletPlayer[log]: Set shutdown flag.
(01:48:51.1754318) TabletPlayer[log]: Terminated ReceiveMessagesDispatcher
(01:48:51.1754322) TabletPlayer[log]: Terminated ReceiveSlowHttpRequestsDispatcher
(01:48:51.1764558) TabletPlayer[log]: Terminated SendMessagesDispatcher
(01:48:51.1764561) TabletPlayer[log]: Terminated ReceiveFastHttpRequestsDispatcher
(01:48:51.4156630) TabletPlayer[log]: Terminated AutoDiscoveryClient
(01:48:51.4167071) TabletPlayer[log]: Stopped Fast HTTP listener.
(01:48:51.4208349) TabletPlayer[log]: Stopped Slow HTTP listener.
(01:48:51.4268313) TabletPlayer[log]: Terminated FastHttpListenerThread
(01:48:51.4296022) TabletPlayer[log]: Terminated SlowHttpListenerThread
(01:48:51.4437659) TabletPlayer[log]: Dumped log to 'Logs\TabletPlayer.2020-3-3at14-59-31-824.log'
