(00:00:00.0122499) TabletPlayer[log]: Found Perception interface: 'IThalamusTabletSubscriber'
(00:00:00.0150557) TabletPlayer[log]: Subscribed to event 'IThalamusTabletSubscriber.ReceiveZ'
(00:00:00.0209235) TabletPlayer[log]: Attempt to start Slow service on port '2000'
(00:00:00.0231729) TabletPlayer[log]: Attempt to start service on port '2000'
(00:00:00.0497459) TabletPlayer[log]: Creating publisher from type 'IThalamusTabletPublisher'
(00:00:00.0499048) TabletPlayer[log]: Found Action interface: 'ITabletPublisher'
(00:00:00.0502419) TabletPlayer[log]: Announced event 'ITabletPublisher.SendA'
(00:00:00.0507767) TabletPlayer[log]: Registered action 'ITabletPublisher.SendA' in publisher.
(00:00:00.1475542) TabletPlayer[log]: Searching for Thalamus Character filipa...
(00:00:00.1497975) TabletPlayer[log]: Fast XMLRPC Listening on port 2000 c: filipa
(00:00:00.1626463) TabletPlayer[log]: Slow Port unavaliable.
(00:00:00.1627946) TabletPlayer[log]: Attempt to start Slow service on port '2001'
(00:00:00.2161878) TabletPlayer[log]: Found Thalamus Master for character 'filipa' at '194.210.223.28:2002/2003'.
(00:00:00.3202315) TabletPlayer[log]: Slow XMLRPC Listening on port 2001
(00:00:00.3295673) TabletPlayer[log]: XMLRPC Listening on http://*:7000/
(00:00:00.4378112) TabletPlayer[log]: Set Master fast endpoint to 194.210.223.28:2002
(00:00:00.4381438) TabletPlayer[log]: Set Master slow endpoint to 194.210.223.28:2003
(00:00:00.4383395) TabletPlayer[log]: Connecting... f: 2000 s: 2001
(00:00:00.4952697) TabletPlayer[log]: Connected with clientId '5ee298ca-4e13-4abb-9181-377c5d13c413'
(00:00:00.5381715) TabletPlayer[log]: Performing registration...
(00:00:00.5564396) TabletPlayer[log]: Cleared subscriptions of character filipa.
(00:00:00.5567335) TabletPlayer[log]: Announcing event information...
(00:00:00.5679731) TabletPlayer[log]: Done.
(00:00:00.5681161) TabletPlayer[log]: Announcing and Subscribing to events...
(00:00:00.5838359) TabletPlayer[log]: Done.
(00:00:00.9906790) TabletPlayer[log]: 0.9901802::Received:IThalamusClient.Connected:(IThalamusClient.Connected):[uid=5ee298ca-4e13-4abb-9181-377c5d13c413;port=2004;]
(02:06:32.6951276) TabletPlayer[log]: Sending Master a Disconnect message...
(02:06:32.7140502) TabletPlayer[log]: Sent disconnect message.
(02:06:32.7142516) TabletPlayer[log]: Set shutdown flag.
(02:06:32.7197080) TabletPlayer[log]: Terminated ReceiveFastHttpRequestsDispatcher
(02:06:32.7216505) TabletPlayer[log]: Terminated SendMessagesDispatcher
(02:06:32.7216665) TabletPlayer[log]: Terminated ReceiveMessagesDispatcher
(02:06:32.7216668) TabletPlayer[log]: Terminated ReceiveSlowHttpRequestsDispatcher
(02:06:33.3333671) TabletPlayer[log]: Terminated AutoDiscoveryClient
(02:06:33.3347541) TabletPlayer[log]: Stopped Fast HTTP listener.
(02:06:33.3350764) TabletPlayer[log]: Stopped Slow HTTP listener.
(02:06:33.3453653) TabletPlayer[log]: Terminated SlowHttpListenerThread
(02:06:33.3493236) TabletPlayer[log]: Terminated FastHttpListenerThread
(02:06:33.3626594) TabletPlayer[log]: Dumped log to 'Logs\TabletPlayer.2020-3-3at15-17-28-746.log'
