(00:00:00.4683719) TabletPlayer[log]: Attempt to start service on port '2000'
(00:00:00.4728994) TabletPlayer[log]: Attempt to start Slow service on port '2000'
(00:00:00.5229764) TabletPlayer[log]: Creating publisher from type 'ITabletPublishing'
(00:00:00.8155106) TabletPlayer[log]: Searching for Thalamus Character filipa...
(00:00:00.8231633) TabletPlayer[log]: Fast XMLRPC Listening on port 2000 c: filipa
(00:00:00.8312441) TabletPlayer[log]: XMLRPC Listening on http://*:7000/
(00:00:00.8429070) TabletPlayer[log]: Slow Port unavaliable.
(00:00:00.8430234) TabletPlayer[log]: Attempt to start Slow service on port '2001'
(00:00:00.9806507) TabletPlayer[log]: Slow XMLRPC Listening on port 2001
(00:00:01.4706189) TabletPlayer[log]: Found Thalamus Master for character 'filipa' at '194.210.223.37:2002/2003'.
(00:00:01.4823380) TabletPlayer[log]: Set Master fast endpoint to 194.210.223.37:2002
(00:00:01.4868352) TabletPlayer[log]: Set Master slow endpoint to 194.210.223.37:2003
(00:00:01.4909793) TabletPlayer[log]: Connecting... f: 2000 s: 2001
(00:00:01.5934146) TabletPlayer[log]: Connected with clientId '217085ad-76c4-4d14-bc2f-488dd39159e0'
(00:00:01.6616914) TabletPlayer[log]: Performing registration...
(00:00:01.6808526) TabletPlayer[log]: Cleared subscriptions of character filipa.
(00:00:01.6810414) TabletPlayer[log]: Announcing event information...
(00:00:01.6974060) TabletPlayer[log]: Done.
(00:00:01.6975516) TabletPlayer[log]: Announcing and Subscribing to events...
(00:00:01.7306539) TabletPlayer[log]: Done.
(00:00:02.0328800) TabletPlayer[log]: 2.0323809::Received:IThalamusClient.Connected:(IThalamusClient.Connected):[uid=217085ad-76c4-4d14-bc2f-488dd39159e0;port=2004;]
(00:55:02.6406633) TabletPlayer[error]: Ping timeout! System.Timers.Timer
(00:55:02.6415993) TabletPlayer[log]: FILIPA - disconnect ""
(00:55:02.6417207) TabletPlayer[error]: Disconnected from Thalamus Master.
(00:55:03.3420504) TabletPlayer[log]: Searching for Thalamus Character filipa...
(00:55:05.3510050) TabletPlayer[log]: Unable to find Thalamus Character filipa.
(00:55:06.4109928) TabletPlayer[log]: Searching for Thalamus Character filipa...
(00:55:08.4164871) TabletPlayer[log]: Unable to find Thalamus Character filipa.
(00:55:09.1640521) TabletPlayer[log]: Set shutdown flag.
(00:55:09.1664012) TabletPlayer[log]: Terminated ReceiveSlowHttpRequestsDispatcher
(00:55:09.1684131) TabletPlayer[log]: Terminated ReceiveFastHttpRequestsDispatcher
(00:55:09.1684162) TabletPlayer[log]: Terminated ReceiveMessagesDispatcher
(00:55:09.1714047) TabletPlayer[log]: Terminated SendMessagesDispatcher
(00:55:09.4176658) TabletPlayer[log]: Terminated AutoDiscoveryClient
(00:55:09.4187448) TabletPlayer[log]: Stopped Fast HTTP listener.
(00:55:09.4226519) TabletPlayer[log]: Stopped Slow HTTP listener.
(00:55:09.4315409) TabletPlayer[log]: Terminated FastHttpListenerThread
(00:55:09.4315758) TabletPlayer[log]: Terminated SlowHttpListenerThread
(00:55:09.4648101) TabletPlayer[log]: Dumped log to 'Logs\TabletPlayer.2020-3-2at17- 1-54-567.log'
