(00:00:00.0147652) TabletPlayer[log]: Found Perception interface: 'ITabletSubscribing'
(00:00:00.0286311) TabletPlayer[log]: Subscribed to event 'ITabletSubscribing.ReceiveZ'
(00:00:00.0324340) TabletPlayer[log]: Attempt to start service on port '2000'
(00:00:00.0370988) TabletPlayer[log]: Attempt to start Slow service on port '2000'
(00:00:00.0726643) TabletPlayer[log]: Creating publisher from type 'ITabletPublishing'
(00:00:00.2057101) TabletPlayer[log]: Slow XMLRPC Listening on port 2000
(00:00:00.2306098) TabletPlayer[log]: Searching for Thalamus Character filipa...
(00:00:00.2644782) TabletPlayer[log]: Port -1 unavaliable.
(00:00:00.2645813) TabletPlayer[log]: Attempt to start service on port '2001'
(00:00:00.3682719) TabletPlayer[log]: XMLRPC Listening on http://*:7000/
(00:00:00.4493171) TabletPlayer[log]: Found Thalamus Master for character 'filipa' at '194.210.234.66:2004/2005'.
(00:00:00.4790288) TabletPlayer[log]: Fast XMLRPC Listening on port 2001 c: filipa
(00:00:00.5961466) TabletPlayer[log]: Set Master fast endpoint to 194.210.234.66:2004
(00:00:00.5964227) TabletPlayer[log]: Set Master slow endpoint to 194.210.234.66:2005
(00:00:00.5965163) TabletPlayer[log]: Connecting... f: 2001 s: 2000
(00:00:00.6428315) TabletPlayer[log]: Connected with clientId '00121e15-64fd-4382-aaa6-7f5a87dae430'
(00:00:00.6867763) TabletPlayer[log]: Performing registration...
(00:00:00.7003233) TabletPlayer[log]: Cleared subscriptions of character filipa.
(00:00:00.7005255) TabletPlayer[log]: Announcing event information...
(00:00:00.7160412) TabletPlayer[log]: Done.
(00:00:00.7162168) TabletPlayer[log]: Announcing and Subscribing to events...
(00:00:00.7365882) TabletPlayer[log]: Done.
(00:00:00.9873703) TabletPlayer[log]: 0.9868815::Received:IThalamusClient.Connected:(IThalamusClient.Connected):[uid=00121e15-64fd-4382-aaa6-7f5a87dae430;port=2002;]
(01:15:11.9263101) TabletPlayer[log]: 4511.9262953::Received:ITabletSubscribing.ReceiveZ:(ITabletSubscribing.ReceiveZ):[]
(01:15:14.5242431) TabletPlayer[error]: Exception in ReceiveEvent: Exception has been thrown by the target of an invocation.: CookComputing.XmlRpc.XmlRpcIllFormedXmlException: Response from server does not contain valid XML. ---> System.Net.WebException: The request was aborted: The connection was closed unexpectedly.
   at System.Net.ConnectStream.Read(Byte[] buffer, Int32 offset, Int32 size)
   at System.Xml.XmlTextReaderImpl.ReadData()
   at System.Xml.XmlTextReaderImpl.ParseDocumentContent()
   at System.Xml.XmlTextReaderImpl.Read()
   at System.Xml.XmlLoader.LoadDocSequence(XmlDocument parentDoc)
   at System.Xml.XmlLoader.Load(XmlDocument doc, XmlReader reader, Boolean preserveWhitespace)
   at System.Xml.XmlDocument.Load(XmlReader reader)
   at CookComputing.XmlRpc.XmlRpcSerializer.DeserializeResponse(Stream stm, Type svcType)
   --- End of inner exception stack trace ---
   at CookComputing.XmlRpc.XmlRpcSerializer.DeserializeResponse(Stream stm, Type svcType)
   at CookComputing.XmlRpc.XmlRpcClientProtocol.ReadResponse(XmlRpcRequest req, WebResponse webResp, Stream respStm, Type returnType)
   at CookComputing.XmlRpc.XmlRpcClientProtocol.Invoke(Object clientObj, MethodInfo mi, Object[] parameters)
   at CookComputing.XmlRpc.XmlRpcClientProtocol.Invoke(MethodInfo mi, Object[] Parameters)
   at XmlRpcProxy54bd431a-dc7d-42e2-9291-44b4e7964eb9.ReceiveZ()
   at ThalamusConnector.ReceiveZ() in C:\Users\Filipa\Devel\for-the-planet\ThalamusTabletClient\ThalamusConnector.cs:line 47.
(01:15:14.5608360) TabletPlayer[error]: Method 'SendA' not found in type 'ITabletPublishing'!
(01:15:50.8160223) TabletPlayer[log]: Sending Master a Disconnect message...
(01:15:50.8434960) TabletPlayer[log]: Sent disconnect message.
(01:15:50.8436981) TabletPlayer[log]: Set shutdown flag.
(01:15:50.8516428) TabletPlayer[log]: Terminated ReceiveFastHttpRequestsDispatcher
(01:15:50.8516512) TabletPlayer[log]: Terminated SendMessagesDispatcher
(01:15:50.8516599) TabletPlayer[log]: Terminated ReceiveSlowHttpRequestsDispatcher
(01:15:50.8516500) TabletPlayer[log]: Terminated ReceiveMessagesDispatcher
(01:15:51.6485673) TabletPlayer[log]: Terminated AutoDiscoveryClient
(01:15:51.6510613) TabletPlayer[log]: Stopped Fast HTTP listener.
(01:15:51.6579490) TabletPlayer[log]: Stopped Slow HTTP listener.
(01:15:51.6680156) TabletPlayer[log]: Terminated FastHttpListenerThread
(01:15:51.6781315) TabletPlayer[log]: Terminated SlowHttpListenerThread
(01:15:51.6955276) TabletPlayer[log]: Dumped log to 'Logs\TabletPlayer.2020-3-3at11-54-28-696.log'
