(00:00:00.0240414) TabletPlayer[log]: Found Perception interface: 'IThalamusTabletSubscriber'
(00:00:00.0271740) TabletPlayer[log]: Subscribed to event 'IThalamusTabletSubscriber.ReceiveZ'
(00:00:00.0330036) TabletPlayer[log]: Attempt to start service on port '2000'
(00:00:00.0818617) TabletPlayer[log]: Attempt to start Slow service on port '2000'
(00:00:00.1597139) TabletPlayer[log]: Creating publisher from type 'IThalamusTabletPublisher'
(00:00:00.1598618) TabletPlayer[log]: Found Action interface: 'ITabletPublisher'
(00:00:00.1601603) TabletPlayer[log]: Announced event 'ITabletPublisher.SendA'
(00:00:00.1606708) TabletPlayer[log]: Registered action 'ITabletPublisher.SendA' in publisher.
(00:00:00.3537251) TabletPlayer[log]: Fast XMLRPC Listening on port 2000 c: filipa
(00:00:00.3762082) TabletPlayer[log]: Searching for Thalamus Character filipa...
(00:00:00.3820962) TabletPlayer[log]: Slow Port unavaliable.
(00:00:00.3898789) TabletPlayer[log]: Attempt to start Slow service on port '2001'
(00:00:00.6220399) TabletPlayer[log]: XMLRPC Listening on http://*:7002/
(00:00:00.6221677) TabletPlayer[log]: Slow XMLRPC Listening on port 2001
(00:00:01.3634375) TabletPlayer[log]: Found Thalamus Master for character 'filipa' at '194.210.223.28:2002/2003'.
(00:00:01.3685211) TabletPlayer[log]: Set Master fast endpoint to 194.210.223.28:2002
(00:00:01.3688685) TabletPlayer[log]: Set Master slow endpoint to 194.210.223.28:2003
(00:00:01.3690759) TabletPlayer[log]: Connecting... f: 2000 s: 2001
(00:00:01.4095183) TabletPlayer[log]: Connected with clientId '6971c355-7165-4209-a789-eb796ab98d52'
(00:00:01.4442464) TabletPlayer[log]: Performing registration...
(00:00:01.4462561) TabletPlayer[log]: Cleared subscriptions of character filipa.
(00:00:01.4464871) TabletPlayer[log]: Announcing event information...
(00:00:01.4575124) TabletPlayer[log]: Done.
(00:00:01.4579474) TabletPlayer[log]: Announcing and Subscribing to events...
(00:00:01.4713560) TabletPlayer[log]: Done.
(00:00:01.7538209) TabletPlayer[log]: 1.7533585::Received:IThalamusClient.Connected:(IThalamusClient.Connected):[uid=6971c355-7165-4209-a789-eb796ab98d52;port=2004;]
(02:09:20.5067550) TabletPlayer[log]: 7760.5067387::Received:IThalamusTabletSubscriber.ReceiveZ:(IThalamusTabletSubscriber.ReceiveZ):[]
(02:09:22.6542417) TabletPlayer[error]: Exception in ReceiveEvent: Exception has been thrown by the target of an invocation.: System.Net.WebException: The operation has timed out
   at System.Net.HttpWebRequest.GetResponse()
   at CookComputing.XmlRpc.XmlRpcClientProtocol.GetWebResponse(WebRequest request)
   at CookComputing.XmlRpc.XmlRpcClientProtocol.Invoke(Object clientObj, MethodInfo mi, Object[] parameters)
   at CookComputing.XmlRpc.XmlRpcClientProtocol.Invoke(MethodInfo mi, Object[] Parameters)
   at XmlRpcProxybfbb2f7e-ba02-4371-b57b-9e8f733a45ef.ReceiveZ()
   at ThalamusConnector.ReceiveZ() in C:\Users\Filipa\Devel\for-the-planet\ThalamusTabletClient\ThalamusConnector.cs:line 47.
(02:09:40.6009583) TabletPlayer[log]: Sending Master a Disconnect message...
(02:09:40.6245818) TabletPlayer[log]: Sent disconnect message.
(02:09:40.6247058) TabletPlayer[log]: Set shutdown flag.
(02:09:40.6261569) TabletPlayer[log]: Terminated ReceiveMessagesDispatcher
(02:09:40.6276864) TabletPlayer[log]: Terminated SendMessagesDispatcher
(02:09:40.6301478) TabletPlayer[log]: Terminated ReceiveFastHttpRequestsDispatcher
(02:09:40.6331504) TabletPlayer[log]: Terminated ReceiveSlowHttpRequestsDispatcher
(02:09:41.2677881) TabletPlayer[log]: Terminated AutoDiscoveryClient
(02:09:41.2692319) TabletPlayer[log]: Stopped Fast HTTP listener.
(02:09:41.2723975) TabletPlayer[log]: Stopped Slow HTTP listener.
(02:09:41.2810052) TabletPlayer[log]: Terminated FastHttpListenerThread
(02:09:41.2822556) TabletPlayer[log]: Terminated SlowHttpListenerThread
(02:09:41.2958731) TabletPlayer[log]: Dumped log to 'Logs\TabletPlayer.2020-3-3at15-20- 7-723.log'
