(00:00:00.0164551) TabletPlayer[log]: Found Perception interface: 'ITabletSubscribing'
(00:00:00.0198169) TabletPlayer[log]: Subscribed to event 'ITabletSubscribing.ReceiveZ'
(00:00:00.0621403) TabletPlayer[log]: Attempt to start service on port '2000'
(00:00:00.0672485) TabletPlayer[log]: Attempt to start Slow service on port '2000'
(00:00:00.0976057) TabletPlayer[log]: Creating publisher from type 'ITabletPublishing'
(00:00:00.2856228) TabletPlayer[log]: Searching for Thalamus Character filipa...
(00:00:00.2857647) TabletPlayer[log]: Slow XMLRPC Listening on port 2000
(00:00:00.3114058) TabletPlayer[log]: Port -1 unavaliable.
(00:00:00.3115344) TabletPlayer[log]: Attempt to start service on port '2001'
(00:00:00.3740741) TabletPlayer[log]: Found Thalamus Master for character 'filipa' at '194.210.223.28:2002/2003'.
(00:00:00.3965500) TabletPlayer[log]: Fast XMLRPC Listening on port 2001 c: filipa
(00:00:00.4117392) TabletPlayer[log]: XMLRPC Listening on http://*:7002/
(00:00:00.4918871) TabletPlayer[log]: Set Master fast endpoint to 194.210.223.28:2002
(00:00:00.5058604) TabletPlayer[log]: Set Master slow endpoint to 194.210.223.28:2003
(00:00:00.5064509) TabletPlayer[log]: Connecting... f: 2001 s: 2000
(00:00:00.5663996) TabletPlayer[log]: Connected with clientId '1d5e534d-7267-40d5-bb94-6d4a64148af0'
(00:00:00.6424769) TabletPlayer[log]: Performing registration...
(00:00:00.6561654) TabletPlayer[log]: Cleared subscriptions of character filipa.
(00:00:00.6719296) TabletPlayer[log]: Announcing event information...
(00:00:00.6877362) TabletPlayer[log]: Done.
(00:00:00.6892225) TabletPlayer[log]: Announcing and Subscribing to events...
(00:00:00.6955978) TabletPlayer[log]: Done.
(00:00:01.0970953) TabletPlayer[log]: 1.0966311::Received:IThalamusClient.Connected:(IThalamusClient.Connected):[uid=1d5e534d-7267-40d5-bb94-6d4a64148af0;port=2004;]
(00:01:15.6942660) TabletPlayer[log]: 75.6942596::Received:ITabletSubscribing.ReceiveZ:(ITabletSubscribing.ReceiveZ):[]
(00:01:15.8035294) TabletPlayer[error]: Exception in ReceiveEvent: Exception has been thrown by the target of an invocation.: CookComputing.XmlRpc.XmlRpcFaultException: Server returned a fault exception: [0] unsupported method called: ReceiveZ
   at CookComputing.XmlRpc.XmlRpcSerializer.DeserializeResponse(XmlDocument xdoc, Type returnType)
   at CookComputing.XmlRpc.XmlRpcSerializer.DeserializeResponse(Stream stm, Type svcType)
   at CookComputing.XmlRpc.XmlRpcClientProtocol.ReadResponse(XmlRpcRequest req, WebResponse webResp, Stream respStm, Type returnType)
   at CookComputing.XmlRpc.XmlRpcClientProtocol.Invoke(Object clientObj, MethodInfo mi, Object[] parameters)
   at CookComputing.XmlRpc.XmlRpcClientProtocol.Invoke(MethodInfo mi, Object[] Parameters)
   at XmlRpcProxye46d9803-41b4-488e-a067-ace4e0b0bc72.ReceiveZ()
   at ThalamusConnector.ReceiveZ() in C:\Users\Filipa\Devel\for-the-planet\ThalamusTabletClient\ThalamusConnector.cs:line 47.
(00:01:24.6505339) TabletPlayer[log]: Sending Master a Disconnect message...
(00:01:24.6800393) TabletPlayer[log]: Sent disconnect message.
(00:01:24.6802733) TabletPlayer[log]: Set shutdown flag.
(00:01:24.6907859) TabletPlayer[log]: Terminated SendMessagesDispatcher
(00:01:24.6907859) TabletPlayer[log]: Terminated ReceiveMessagesDispatcher
(00:01:24.6908045) TabletPlayer[log]: Terminated ReceiveSlowHttpRequestsDispatcher
(00:01:24.6907836) TabletPlayer[log]: Terminated ReceiveFastHttpRequestsDispatcher
(00:01:25.3144009) TabletPlayer[log]: Terminated AutoDiscoveryClient
(00:01:25.3155190) TabletPlayer[log]: Stopped Fast HTTP listener.
(00:01:25.3184813) TabletPlayer[log]: Stopped Slow HTTP listener.
(00:01:25.3240670) TabletPlayer[log]: Terminated FastHttpListenerThread
(00:01:25.3267946) TabletPlayer[log]: Terminated SlowHttpListenerThread
(00:01:25.3394880) TabletPlayer[log]: Dumped log to 'Logs\TabletPlayer.2020-3-3at13-12- 3-610.log'
