(00:00:00.0371254) TabletPlayer[log]: Found Perception interface: 'ITabletSubscribing'
(00:00:00.0400430) TabletPlayer[log]: Subscribed to event 'ITabletSubscribing.ReceiveZ'
(00:00:00.0440650) TabletPlayer[log]: Attempt to start service on port '2000'
(00:00:00.0484640) TabletPlayer[log]: Attempt to start Slow service on port '2000'
(00:00:00.1063013) TabletPlayer[log]: Creating publisher from type 'ITabletPublishing'
(00:00:00.2981959) TabletPlayer[log]: Searching for Thalamus Character filipa...
(00:00:00.3021800) TabletPlayer[log]: Slow XMLRPC Listening on port 2000
(00:00:00.3321580) TabletPlayer[log]: Port -1 unavaliable.
(00:00:00.3322570) TabletPlayer[log]: Attempt to start service on port '2001'
(00:00:00.4747640) TabletPlayer[log]: XMLRPC Listening on http://*:7000/
(00:00:00.5110945) TabletPlayer[log]: Fast XMLRPC Listening on port 2001 c: filipa
(00:00:01.1193504) TabletPlayer[log]: Found Thalamus Master for character 'filipa' at '194.210.234.66:2004/2005'.
(00:00:01.1268191) TabletPlayer[log]: Set Master fast endpoint to 194.210.234.66:2004
(00:00:01.1270467) TabletPlayer[log]: Set Master slow endpoint to 194.210.234.66:2005
(00:00:01.1271138) TabletPlayer[log]: Connecting... f: 2001 s: 2000
(00:00:01.1730000) TabletPlayer[log]: Connected with clientId '9ad2f4d9-86c9-4f81-82dd-14a16aacc440'
(00:00:01.2162367) TabletPlayer[log]: Performing registration...
(00:00:01.2305252) TabletPlayer[log]: Cleared subscriptions of character filipa.
(00:00:01.2307145) TabletPlayer[log]: Announcing event information...
(00:00:01.2459583) TabletPlayer[log]: Done.
(00:00:01.2460861) TabletPlayer[log]: Announcing and Subscribing to events...
(00:00:01.2703760) TabletPlayer[log]: Done.
(00:00:01.4840926) TabletPlayer[log]: 1.4836254::Received:IThalamusClient.Connected:(IThalamusClient.Connected):[uid=9ad2f4d9-86c9-4f81-82dd-14a16aacc440;port=2002;]
(01:24:49.1799899) TabletPlayer[log]: 5089.1799752::Received:ITabletSubscribing.ReceiveZ:(ITabletSubscribing.ReceiveZ):[]
(01:24:50.4828809) TabletPlayer[error]: Method 'SendA' not found in type 'ITabletPublishing'!
(01:24:50.6465573) TabletPlayer[error]: Exception in ReceiveEvent: Exception has been thrown by the target of an invocation.: CookComputing.XmlRpc.XmlRpcFaultException: Server returned a fault exception: [0] 'Thalamus.ThalamusPublisher' does not contain a definition for 'SendA'
   at CookComputing.XmlRpc.XmlRpcSerializer.DeserializeResponse(XmlDocument xdoc, Type returnType)
   at CookComputing.XmlRpc.XmlRpcSerializer.DeserializeResponse(Stream stm, Type svcType)
   at CookComputing.XmlRpc.XmlRpcClientProtocol.ReadResponse(XmlRpcRequest req, WebResponse webResp, Stream respStm, Type returnType)
   at CookComputing.XmlRpc.XmlRpcClientProtocol.Invoke(Object clientObj, MethodInfo mi, Object[] parameters)
   at CookComputing.XmlRpc.XmlRpcClientProtocol.Invoke(MethodInfo mi, Object[] Parameters)
   at XmlRpcProxy810554ea-c946-4d9f-b285-493664bab95e.ReceiveZ()
   at ThalamusConnector.ReceiveZ() in C:\Users\Filipa\Devel\for-the-planet\ThalamusTabletClient\ThalamusConnector.cs:line 47.
(01:24:57.1341786) TabletPlayer[log]: Sending Master a Disconnect message...
(01:24:57.1567652) TabletPlayer[log]: Sent disconnect message.
(01:24:57.1569055) TabletPlayer[log]: Set shutdown flag.
(01:24:57.1576906) TabletPlayer[log]: Terminated ReceiveSlowHttpRequestsDispatcher
(01:24:57.1606913) TabletPlayer[log]: Terminated ReceiveFastHttpRequestsDispatcher
(01:24:57.1607171) TabletPlayer[log]: Terminated ReceiveMessagesDispatcher
(01:24:57.1667006) TabletPlayer[log]: Terminated SendMessagesDispatcher
(01:24:57.3519059) TabletPlayer[log]: Terminated AutoDiscoveryClient
(01:24:57.3535397) TabletPlayer[log]: Stopped Fast HTTP listener.
(01:24:57.3558081) TabletPlayer[log]: Stopped Slow HTTP listener.
(01:24:57.3643489) TabletPlayer[log]: Terminated FastHttpListenerThread
(01:24:57.3679367) TabletPlayer[log]: Terminated SlowHttpListenerThread
(01:24:57.3810112) TabletPlayer[log]: Dumped log to 'Logs\TabletPlayer.2020-3-3at12- 4-29-105.log'
