(00:00:00.0123986) TabletPlayer[log]: Found Perception interface: 'IThalamusTabletSubscriber'
(00:00:00.0152434) TabletPlayer[log]: Subscribed to event 'IThalamusTabletSubscriber.ReceiveZ'
(00:00:00.0202875) TabletPlayer[log]: Attempt to start service on port '2000'
(00:00:00.0208446) TabletPlayer[log]: Attempt to start Slow service on port '2000'
(00:00:00.0662098) TabletPlayer[log]: Creating publisher from type 'IThalamusTabletPublisher'
(00:00:00.0663641) TabletPlayer[log]: Found Action interface: 'ITabletPublisher'
(00:00:00.0666884) TabletPlayer[log]: Announced event 'ITabletPublisher.SendA'
(00:00:00.0672095) TabletPlayer[log]: Registered action 'ITabletPublisher.SendA' in publisher.
(00:00:00.1765582) TabletPlayer[log]: Fast XMLRPC Listening on port 2000 c: filipa
(00:00:00.1864799) TabletPlayer[log]: Searching for Thalamus Character filipa...
(00:00:00.1916534) TabletPlayer[log]: Slow Port unavaliable.
(00:00:00.1919507) TabletPlayer[log]: Attempt to start Slow service on port '2001'
(00:00:00.2754243) TabletPlayer[log]: Slow XMLRPC Listening on port 2001
(00:00:00.3403738) TabletPlayer[log]: XMLRPC Listening on http://*:7000/
(00:00:01.0234372) TabletPlayer[log]: Found Thalamus Master for character 'filipa' at '194.210.223.28:2002/2003'.
(00:00:01.0891017) TabletPlayer[log]: Set Master fast endpoint to 194.210.223.28:2002
(00:00:01.0903502) TabletPlayer[log]: Set Master slow endpoint to 194.210.223.28:2003
(00:00:01.1357544) TabletPlayer[log]: Connecting... f: 2000 s: 2001
(00:00:01.2771165) TabletPlayer[log]: Connected with clientId '460ca9fe-05aa-4de9-a61e-a7322a95682b'
(00:00:01.3563761) TabletPlayer[log]: Performing registration...
(00:00:01.4135540) TabletPlayer[log]: Cleared subscriptions of character filipa.
(00:00:01.4197631) TabletPlayer[log]: Announcing event information...
(00:00:01.4249821) TabletPlayer[log]: Done.
(00:00:01.4251065) TabletPlayer[log]: Announcing and Subscribing to events...
(00:00:01.5055126) TabletPlayer[log]: Done.
(00:00:01.9965472) TabletPlayer[log]: 1.9960887::Received:IThalamusClient.Connected:(IThalamusClient.Connected):[uid=460ca9fe-05aa-4de9-a61e-a7322a95682b;port=2004;]
