(00:00:00.0137677) TabletPlayer[log]: Found Perception interface: 'ITabletSubscribing'
(00:00:00.0166910) TabletPlayer[log]: Subscribed to event 'ITabletSubscribing.ReceiveZ'
(00:00:00.0215853) TabletPlayer[log]: Attempt to start service on port '2000'
(00:00:00.0216870) TabletPlayer[log]: Attempt to start Slow service on port '2000'
(00:00:00.0638144) TabletPlayer[log]: Creating publisher from type 'ITabletPublishing'
(00:00:00.1471408) TabletPlayer[log]: Fast XMLRPC Listening on port 2000 c: filipa
(00:00:00.1475724) TabletPlayer[log]: Searching for Thalamus Character filipa...
(00:00:00.2024599) TabletPlayer[log]: Slow Port unavaliable.
(00:00:00.2025634) TabletPlayer[log]: Attempt to start Slow service on port '2001'
(00:00:00.3971185) TabletPlayer[log]: XMLRPC Listening on http://*:7000/
(00:00:00.4359483) TabletPlayer[log]: Found Thalamus Master for character 'filipa' at '194.210.223.28:2002/2003'.
(00:00:00.4497324) TabletPlayer[log]: Slow XMLRPC Listening on port 2001
(00:00:00.5641923) TabletPlayer[log]: Set Master fast endpoint to 194.210.223.28:2002
(00:00:00.5644419) TabletPlayer[log]: Set Master slow endpoint to 194.210.223.28:2003
(00:00:00.5645503) TabletPlayer[log]: Connecting... f: 2000 s: 2001
(00:00:00.6086131) TabletPlayer[log]: Connected with clientId '004cf920-0e7a-4dd7-8454-50c23d2c5bfd'
(00:00:00.6529686) TabletPlayer[log]: Performing registration...
(00:00:00.6591061) TabletPlayer[log]: Cleared subscriptions of character filipa.
(00:00:00.6592954) TabletPlayer[log]: Announcing event information...
(00:00:00.6735372) TabletPlayer[log]: Done.
(00:00:00.6738823) TabletPlayer[log]: Announcing and Subscribing to events...
(00:00:00.6952531) TabletPlayer[log]: Done.
(00:00:01.0420037) TabletPlayer[log]: 1.041524::Received:IThalamusClient.Connected:(IThalamusClient.Connected):[uid=004cf920-0e7a-4dd7-8454-50c23d2c5bfd;port=2004;]
(01:42:07.3969754) TabletPlayer[log]: 6127.396964::Received:ITabletSubscribing.ReceiveZ:(ITabletSubscribing.ReceiveZ):[]
(01:42:08.7060530) TabletPlayer[error]: Method 'SendA' not found in type 'ITabletPublishing'!
(01:42:08.7719310) TabletPlayer[error]: Exception in ReceiveEvent: Exception has been thrown by the target of an invocation.: CookComputing.XmlRpc.XmlRpcFaultException: Server returned a fault exception: [0] 'Thalamus.ThalamusPublisher' does not contain a definition for 'SendA'
   at CookComputing.XmlRpc.XmlRpcSerializer.DeserializeResponse(XmlDocument xdoc, Type returnType)
   at CookComputing.XmlRpc.XmlRpcSerializer.DeserializeResponse(Stream stm, Type svcType)
   at CookComputing.XmlRpc.XmlRpcClientProtocol.ReadResponse(XmlRpcRequest req, WebResponse webResp, Stream respStm, Type returnType)
   at CookComputing.XmlRpc.XmlRpcClientProtocol.Invoke(Object clientObj, MethodInfo mi, Object[] parameters)
   at CookComputing.XmlRpc.XmlRpcClientProtocol.Invoke(MethodInfo mi, Object[] Parameters)
   at XmlRpcProxy017efd6b-7e73-4948-a94a-5bc212fc7618.ReceiveZ()
   at ThalamusConnector.ReceiveZ() in C:\Users\Filipa\Devel\for-the-planet\ThalamusTabletClient\ThalamusConnector.cs:line 47.
(01:42:14.2279055) TabletPlayer[log]: Sending Master a Disconnect message...
(01:42:14.2505949) TabletPlayer[log]: Sent disconnect message.
(01:42:14.2507553) TabletPlayer[log]: Set shutdown flag.
(01:42:14.2536214) TabletPlayer[log]: Terminated ReceiveSlowHttpRequestsDispatcher
(01:42:14.2545941) TabletPlayer[log]: Terminated ReceiveMessagesDispatcher
(01:42:14.2566410) TabletPlayer[log]: Terminated SendMessagesDispatcher
(01:42:14.2566399) TabletPlayer[log]: Terminated ReceiveFastHttpRequestsDispatcher
(01:42:15.1785093) TabletPlayer[log]: Terminated AutoDiscoveryClient
(01:42:15.1794786) TabletPlayer[log]: Stopped Fast HTTP listener.
(01:42:15.1820561) TabletPlayer[log]: Stopped Slow HTTP listener.
(01:42:15.1888076) TabletPlayer[log]: Terminated SlowHttpListenerThread
(01:42:15.1915068) TabletPlayer[log]: Terminated FastHttpListenerThread
(01:42:15.2045501) TabletPlayer[log]: Dumped log to 'Logs\TabletPlayer.2020-3-3at14-52-57-458.log'
