(00:00:00.0172019) TabletPlayer[log]: Attempt to start service on port '2000'
(00:00:00.0174127) TabletPlayer[log]: Attempt to start Slow service on port '2000'
(00:00:00.0935420) TabletPlayer[log]: Creating publisher from type 'ITabletPublishing'
(00:00:00.2089842) TabletPlayer[log]: Searching for Thalamus Character filipa...
(00:00:00.2202576) TabletPlayer[log]: Slow XMLRPC Listening on port 2000
(00:00:00.2307994) TabletPlayer[log]: Port -1 unavaliable.
(00:00:00.2308992) TabletPlayer[log]: Attempt to start service on port '2001'
(00:00:00.3679806) TabletPlayer[log]: XMLRPC Listening on http://*:7000/
(00:00:00.4828866) TabletPlayer[log]: Fast XMLRPC Listening on port 2001 c: filipa
(00:00:00.6108780) TabletPlayer[log]: Found Thalamus Master for character 'filipa' at '194.210.223.37:2002/2003'.
(00:00:00.6334665) TabletPlayer[log]: Set Master fast endpoint to 194.210.223.37:2002
(00:00:00.6468141) TabletPlayer[log]: Set Master slow endpoint to 194.210.223.37:2003
(00:00:00.6469472) TabletPlayer[log]: Connecting... f: 2001 s: 2000
(00:00:00.6940338) TabletPlayer[log]: Connected with clientId '4687b2d1-e999-4175-afcb-0252094e1db6'
(00:00:00.7388232) TabletPlayer[log]: Performing registration...
(00:00:00.7524646) TabletPlayer[log]: Cleared subscriptions of character filipa.
(00:00:00.7527005) TabletPlayer[log]: Announcing event information...
(00:00:00.7682341) TabletPlayer[log]: Done.
(00:00:00.7684200) TabletPlayer[log]: Announcing and Subscribing to events...
(00:00:00.7943110) TabletPlayer[log]: Done.
(00:00:01.2245432) TabletPlayer[log]: 1.2240775::Received:IThalamusClient.Connected:(IThalamusClient.Connected):[uid=4687b2d1-e999-4175-afcb-0252094e1db6;port=2004;]
