(00:00:00.0175626) TabletPlayer[log]: Found Perception interface: 'ITabletSubscribing'
(00:00:00.0203808) TabletPlayer[log]: Subscribed to event 'ITabletSubscribing.ReceiveZ'
(00:00:00.0442690) TabletPlayer[log]: Attempt to start service on port '2000'
(00:00:00.0445125) TabletPlayer[log]: Attempt to start Slow service on port '2000'
(00:00:00.0768551) TabletPlayer[log]: Creating publisher from type 'ITabletPublishing'
(00:00:00.1862558) TabletPlayer[log]: Searching for Thalamus Character filipa...
(00:00:00.1950572) TabletPlayer[log]: Fast XMLRPC Listening on port 2000 c: filipa
(00:00:00.2065900) TabletPlayer[log]: Slow Port unavaliable.
(00:00:00.2067053) TabletPlayer[log]: Attempt to start Slow service on port '2001'
(00:00:00.3214197) TabletPlayer[log]: Slow XMLRPC Listening on port 2001
(00:00:00.3641312) TabletPlayer[log]: XMLRPC Listening on http://*:7000/
(00:00:00.3857469) TabletPlayer[log]: Found Thalamus Master for character 'filipa' at '194.210.223.28:2002/2003'.
(00:00:00.3909848) TabletPlayer[log]: Set Master fast endpoint to 194.210.223.28:2002
(00:00:00.3912579) TabletPlayer[log]: Set Master slow endpoint to 194.210.223.28:2003
(00:00:00.3913409) TabletPlayer[log]: Connecting... f: 2000 s: 2001
(00:00:00.4224851) TabletPlayer[log]: Connected with clientId '5b3f3244-b11f-4968-ac7c-656378afefef'
(00:00:00.4748611) TabletPlayer[log]: Performing registration...
(00:00:00.4947315) TabletPlayer[log]: Cleared subscriptions of character filipa.
(00:00:00.4999891) TabletPlayer[log]: Announcing event information...
(00:00:00.5058722) TabletPlayer[log]: Done.
(00:00:00.5166950) TabletPlayer[log]: Announcing and Subscribing to events...
(00:00:00.5357799) TabletPlayer[log]: Done.
(00:00:01.0166698) TabletPlayer[log]: 1.016206::Received:IThalamusClient.Connected:(IThalamusClient.Connected):[uid=5b3f3244-b11f-4968-ac7c-656378afefef;port=2004;]
(00:33:30.7243000) TabletPlayer[log]: 2010.7242849::Received:ITabletSubscribing.ReceiveZ:(ITabletSubscribing.ReceiveZ):[]
(00:33:32.8623362) TabletPlayer[error]: Exception in ReceiveEvent: Exception has been thrown by the target of an invocation.: System.Net.WebException: The operation has timed out
   at System.Net.HttpWebRequest.GetRequestStream(TransportContext& context)
   at System.Net.HttpWebRequest.GetRequestStream()
   at CookComputing.XmlRpc.XmlRpcClientProtocol.Invoke(Object clientObj, MethodInfo mi, Object[] parameters)
   at CookComputing.XmlRpc.XmlRpcClientProtocol.Invoke(MethodInfo mi, Object[] Parameters)
   at XmlRpcProxy8b3010dd-1d09-4962-8aa7-c483a2ecb195.ReceiveZ()
   at ThalamusConnector.ReceiveZ() in C:\Users\Filipa\Devel\for-the-planet\ThalamusTabletClient\ThalamusConnector.cs:line 47.
(00:33:35.7668521) TabletPlayer[log]: Sending Master a Disconnect message...
(00:33:35.7940110) TabletPlayer[log]: Sent disconnect message.
(00:33:35.7941889) TabletPlayer[log]: Set shutdown flag.
(00:33:35.7963264) TabletPlayer[log]: Terminated SendMessagesDispatcher
(00:33:35.7963230) TabletPlayer[log]: Terminated ReceiveFastHttpRequestsDispatcher
(00:33:35.8023164) TabletPlayer[log]: Terminated ReceiveSlowHttpRequestsDispatcher
(00:33:35.8043200) TabletPlayer[log]: Terminated ReceiveMessagesDispatcher
(00:33:36.7922828) TabletPlayer[log]: Terminated AutoDiscoveryClient
(00:33:36.7937235) TabletPlayer[log]: Stopped Fast HTTP listener.
(00:33:36.7983319) TabletPlayer[log]: Stopped Slow HTTP listener.
(00:33:36.8042752) TabletPlayer[log]: Terminated FastHttpListenerThread
(00:33:36.8069842) TabletPlayer[log]: Terminated SlowHttpListenerThread
(00:33:36.8203739) TabletPlayer[log]: Dumped log to 'Logs\TabletPlayer.2020-3-3at13-43-58-218.log'
