(00:00:00.0123034) TabletPlayer[log]: Found Perception interface: 'ITabletSubscribing'
(00:00:00.0153132) TabletPlayer[log]: Subscribed to event 'ITabletSubscribing.ReceiveZ'
(00:00:00.0210456) TabletPlayer[log]: Attempt to start service on port '2000'
(00:00:00.0261918) TabletPlayer[log]: Attempt to start Slow service on port '2000'
(00:00:00.0748067) TabletPlayer[log]: Creating publisher from type 'ITabletPublishing'
(00:00:00.1442046) TabletPlayer[log]: Searching for Thalamus Character filipa...
(00:00:00.1622906) TabletPlayer[log]: Fast XMLRPC Listening on port 2000 c: filipa
(00:00:00.1864147) TabletPlayer[log]: Slow Port unavaliable.
(00:00:00.1865258) TabletPlayer[log]: Attempt to start Slow service on port '2001'
(00:00:00.4260345) TabletPlayer[log]: XMLRPC Listening on http://*:7000/
(00:00:00.4267494) TabletPlayer[log]: Slow XMLRPC Listening on port 2001
(00:00:01.1209217) TabletPlayer[log]: Found Thalamus Master for character 'filipa' at '194.210.223.28:2002/2003'.
(00:00:01.1563006) TabletPlayer[log]: Set Master fast endpoint to 194.210.223.28:2002
(00:00:01.1565630) TabletPlayer[log]: Set Master slow endpoint to 194.210.223.28:2003
(00:00:01.1566541) TabletPlayer[log]: Connecting... f: 2000 s: 2001
(00:00:01.2231476) TabletPlayer[log]: Connected with clientId 'b224d16c-2d27-4d37-ac6a-e5933eedd34a'
(00:00:01.2622034) TabletPlayer[log]: Performing registration...
(00:00:01.2751728) TabletPlayer[log]: Cleared subscriptions of character filipa.
(00:00:01.2753537) TabletPlayer[log]: Announcing event information...
(00:00:01.2861333) TabletPlayer[log]: Done.
(00:00:01.2862729) TabletPlayer[log]: Announcing and Subscribing to events...
(00:00:01.3070368) TabletPlayer[log]: Done.
(00:00:01.7488223) TabletPlayer[log]: 1.7483326::Received:IThalamusClient.Connected:(IThalamusClient.Connected):[uid=b224d16c-2d27-4d37-ac6a-e5933eedd34a;port=2004;]
(01:42:50.1261559) TabletPlayer[log]: 6170.1261418::Received:ITabletSubscribing.ReceiveZ:(ITabletSubscribing.ReceiveZ):[]
(01:42:51.4842144) TabletPlayer[error]: Method 'SendA' not found in type 'ITabletPublishing'!
(01:42:51.5922160) TabletPlayer[error]: Exception in ReceiveEvent: Exception has been thrown by the target of an invocation.: CookComputing.XmlRpc.XmlRpcFaultException: Server returned a fault exception: [0] 'Thalamus.ThalamusPublisher' does not contain a definition for 'SendA'
   at CookComputing.XmlRpc.XmlRpcSerializer.DeserializeResponse(XmlDocument xdoc, Type returnType)
   at CookComputing.XmlRpc.XmlRpcSerializer.DeserializeResponse(Stream stm, Type svcType)
   at CookComputing.XmlRpc.XmlRpcClientProtocol.ReadResponse(XmlRpcRequest req, WebResponse webResp, Stream respStm, Type returnType)
   at CookComputing.XmlRpc.XmlRpcClientProtocol.Invoke(Object clientObj, MethodInfo mi, Object[] parameters)
   at CookComputing.XmlRpc.XmlRpcClientProtocol.Invoke(MethodInfo mi, Object[] Parameters)
   at XmlRpcProxy5d0b6aa6-2651-4511-9afb-5805e7e86167.ReceiveZ()
   at ThalamusConnector.ReceiveZ() in C:\Users\Filipa\Devel\for-the-planet\ThalamusTabletClient\ThalamusConnector.cs:line 47.
(01:42:56.1418228) TabletPlayer[log]: Sending Master a Disconnect message...
(01:42:56.1633278) TabletPlayer[log]: Sent disconnect message.
(01:42:56.1634635) TabletPlayer[log]: Set shutdown flag.
(01:42:56.1666004) TabletPlayer[log]: Terminated SendMessagesDispatcher
(01:42:56.1666307) TabletPlayer[log]: Terminated ReceiveFastHttpRequestsDispatcher
(01:42:56.1677859) TabletPlayer[log]: Terminated ReceiveSlowHttpRequestsDispatcher
(01:42:56.1677874) TabletPlayer[log]: Terminated ReceiveMessagesDispatcher
(01:42:57.1505700) TabletPlayer[log]: Terminated AutoDiscoveryClient
(01:42:57.1518010) TabletPlayer[log]: Stopped Fast HTTP listener.
(01:42:57.1557809) TabletPlayer[log]: Stopped Slow HTTP listener.
(01:42:57.1616799) TabletPlayer[log]: Terminated SlowHttpListenerThread
(01:42:57.1629868) TabletPlayer[log]: Terminated FastHttpListenerThread
(01:42:57.1756619) TabletPlayer[log]: Dumped log to 'Logs\TabletPlayer.2020-3-3at14-53-38-807.log'
