(00:00:00.0129728) TabletPlayer[log]: Found Perception interface: 'ITabletSubscribing'
(00:00:00.0156807) TabletPlayer[log]: Subscribed to event 'ITabletSubscribing.ReceiveZ'
(00:00:00.0275685) TabletPlayer[log]: Attempt to start service on port '2000'
(00:00:00.0676570) TabletPlayer[log]: Attempt to start Slow service on port '2000'
(00:00:00.0783551) TabletPlayer[log]: Creating publisher from type 'ITabletPublishing'
(00:00:00.1928234) TabletPlayer[log]: Searching for Thalamus Character filipa...
(00:00:00.1929337) TabletPlayer[log]: Fast XMLRPC Listening on port 2000 c: filipa
(00:00:00.2874698) TabletPlayer[log]: Slow Port unavaliable.
(00:00:00.2876280) TabletPlayer[log]: Attempt to start Slow service on port '2001'
(00:00:00.3885120) TabletPlayer[log]: XMLRPC Listening on http://*:7002/
(00:00:00.4364645) TabletPlayer[log]: Found Thalamus Master for character 'filipa' at '194.210.234.66:2004/2005'.
(00:00:00.5475824) TabletPlayer[log]: Slow XMLRPC Listening on port 2001
(00:00:00.6598184) TabletPlayer[log]: Set Master fast endpoint to 194.210.234.66:2004
(00:00:00.6601142) TabletPlayer[log]: Set Master slow endpoint to 194.210.234.66:2005
(00:00:00.6601901) TabletPlayer[log]: Connecting... f: 2000 s: 2001
(00:00:00.7086366) TabletPlayer[log]: Connected with clientId '655205bd-9eb7-4985-90a8-eb72dbd617f3'
(00:00:00.7518226) TabletPlayer[log]: Performing registration...
(00:00:00.7658865) TabletPlayer[log]: Cleared subscriptions of character filipa.
(00:00:00.7660655) TabletPlayer[log]: Announcing event information...
(00:00:00.7811869) TabletPlayer[log]: Done.
(00:00:00.7813158) TabletPlayer[log]: Announcing and Subscribing to events...
(00:00:00.7998463) TabletPlayer[log]: Done.
(00:00:01.0216233) TabletPlayer[log]: 1.021131::Received:IThalamusClient.Connected:(IThalamusClient.Connected):[uid=655205bd-9eb7-4985-90a8-eb72dbd617f3;port=2002;]
(01:17:58.5209974) TabletPlayer[log]: 4678.5209902::Received:ITabletSubscribing.ReceiveZ:(ITabletSubscribing.ReceiveZ):[]
(01:18:00.5784115) TabletPlayer[error]: Exception in ReceiveEvent: Exception has been thrown by the target of an invocation.: System.Net.WebException: The operation has timed out
   at System.Net.HttpWebRequest.GetRequestStream(TransportContext& context)
   at System.Net.HttpWebRequest.GetRequestStream()
   at CookComputing.XmlRpc.XmlRpcClientProtocol.Invoke(Object clientObj, MethodInfo mi, Object[] parameters)
   at CookComputing.XmlRpc.XmlRpcClientProtocol.Invoke(MethodInfo mi, Object[] Parameters)
   at XmlRpcProxy5fb0823c-4c0e-4cbc-88b7-79cc9cace6c3.ReceiveZ()
   at ThalamusConnector.ReceiveZ() in C:\Users\Filipa\Devel\for-the-planet\ThalamusTabletClient\ThalamusConnector.cs:line 47.
(01:19:17.8868036) TabletPlayer[log]: Sending Master a Disconnect message...
(01:19:17.9125035) TabletPlayer[log]: Sent disconnect message.
(01:19:17.9127193) TabletPlayer[log]: Set shutdown flag.
(01:19:17.9208305) TabletPlayer[log]: Terminated SendMessagesDispatcher
(01:19:17.9208274) TabletPlayer[log]: Terminated ReceiveFastHttpRequestsDispatcher
(01:19:17.9209264) TabletPlayer[log]: Terminated ReceiveSlowHttpRequestsDispatcher
(01:19:17.9208403) TabletPlayer[log]: Terminated ReceiveMessagesDispatcher
(01:19:18.8583567) TabletPlayer[log]: Terminated AutoDiscoveryClient
(01:19:18.8608962) TabletPlayer[log]: Stopped Fast HTTP listener.
(01:19:18.8699297) TabletPlayer[log]: Stopped Slow HTTP listener.
(01:19:18.8800119) TabletPlayer[log]: Terminated SlowHttpListenerThread
(01:19:18.8823940) TabletPlayer[log]: Terminated FastHttpListenerThread
(01:19:18.8969377) TabletPlayer[log]: Dumped log to 'Logs\TabletPlayer.2020-3-3at11-57-35-515.log'
