(00:00:00.0131393) TabletPlayer[log]: Found Perception interface: 'ITabletSubscribing'
(00:00:00.0161756) TabletPlayer[log]: Subscribed to event 'ITabletSubscribing.ReceiveZ'
(00:00:00.0205158) TabletPlayer[log]: Attempt to start service on port '2000'
(00:00:00.0237638) TabletPlayer[log]: Attempt to start Slow service on port '2000'
(00:00:00.0529874) TabletPlayer[log]: Creating publisher from type 'IThalamusTabletPublisher'
(00:00:00.0535843) TabletPlayer[log]: Found Action interface: 'TabletPublisher'
(00:00:00.0541741) TabletPlayer[log]: Announced event 'TabletPublisher.SendA'
(00:00:00.0554639) TabletPlayer[log]: Registered action 'TabletPublisher.SendA' in publisher.
(00:00:00.1846815) TabletPlayer[log]: Searching for Thalamus Character filipa...
(00:00:00.1861970) TabletPlayer[log]: Fast XMLRPC Listening on port 2000 c: filipa
(00:00:00.2145923) TabletPlayer[log]: Slow Port unavaliable.
(00:00:00.2147042) TabletPlayer[log]: Attempt to start Slow service on port '2001'
(00:00:00.3662414) TabletPlayer[log]: XMLRPC Listening on http://*:7000/
(00:00:00.4002011) TabletPlayer[log]: Slow XMLRPC Listening on port 2001
(00:00:00.9118752) TabletPlayer[log]: Found Thalamus Master for character 'filipa' at '194.210.223.28:2002/2003'.
(00:00:00.9161259) TabletPlayer[log]: Set Master fast endpoint to 194.210.223.28:2002
(00:00:00.9164604) TabletPlayer[log]: Set Master slow endpoint to 194.210.223.28:2003
(00:00:00.9167130) TabletPlayer[log]: Connecting... f: 2000 s: 2001
(00:00:00.9508077) TabletPlayer[log]: Connected with clientId '63b8c273-a109-4eee-b5ed-e3ab3014bfd5'
(00:00:00.9920208) TabletPlayer[log]: Performing registration...
(00:00:01.0051677) TabletPlayer[log]: Cleared subscriptions of character filipa.
(00:00:01.0054282) TabletPlayer[log]: Announcing event information...
(00:00:01.0173851) TabletPlayer[log]: Done.
(00:00:01.0175231) TabletPlayer[log]: Announcing and Subscribing to events...
(00:00:01.0246467) TabletPlayer[log]: Done.
(00:00:01.4144623) TabletPlayer[log]: 1.4139818::Received:IThalamusClient.Connected:(IThalamusClient.Connected):[uid=63b8c273-a109-4eee-b5ed-e3ab3014bfd5;port=2004;]
(01:53:11.6308893) TabletPlayer[log]: 6791.6308768::Received:ITabletSubscribing.ReceiveZ:(ITabletSubscribing.ReceiveZ):[]
(01:53:12.9325638) TabletPlayer[log]: 6792.9325562:Sent::TabletPublisher.SendA:(TabletPublisher.SendA):[]
(01:53:16.0954252) TabletPlayer[log]: Sending Master a Disconnect message...
(01:53:16.1215237) TabletPlayer[log]: Sent disconnect message.
(01:53:16.1216421) TabletPlayer[log]: Set shutdown flag.
(01:53:16.1233184) TabletPlayer[log]: Terminated SendMessagesDispatcher
(01:53:16.1312930) TabletPlayer[log]: Terminated ReceiveMessagesDispatcher
(01:53:16.1313082) TabletPlayer[log]: Terminated ReceiveFastHttpRequestsDispatcher
(01:53:16.1323033) TabletPlayer[log]: Terminated ReceiveSlowHttpRequestsDispatcher
(01:53:16.5356967) TabletPlayer[log]: Terminated AutoDiscoveryClient
(01:53:16.5366179) TabletPlayer[log]: Stopped Fast HTTP listener.
(01:53:16.5389170) TabletPlayer[log]: Stopped Slow HTTP listener.
(01:53:16.5465408) TabletPlayer[log]: Terminated SlowHttpListenerThread
(01:53:16.5476167) TabletPlayer[log]: Terminated FastHttpListenerThread
(01:53:16.5617793) TabletPlayer[log]: Dumped log to 'Logs\TabletPlayer.2020-3-3at15- 3-58-474.log'
