(00:00:00.0120231) TabletPlayer[log]: Found Perception interface: 'ITabletSubscribing'
(00:00:00.0148277) TabletPlayer[log]: Subscribed to event 'ITabletSubscribing.ReceiveZ'
(00:00:00.0811733) TabletPlayer[log]: Attempt to start Slow service on port '2000'
(00:00:00.0821450) TabletPlayer[log]: Attempt to start service on port '2000'
(00:00:00.1352458) TabletPlayer[log]: Creating publisher from type 'ITabletPublishing'
(00:00:00.2806364) TabletPlayer[log]: Slow XMLRPC Listening on port 2000
(00:00:00.3414717) TabletPlayer[log]: Port -1 unavaliable.
(00:00:00.3430942) TabletPlayer[log]: Searching for Thalamus Character filipa...
(00:00:00.3565730) TabletPlayer[log]: Attempt to start service on port '2001'
(00:00:00.5758503) TabletPlayer[log]: XMLRPC Listening on http://*:7002/
(00:00:00.8116047) TabletPlayer[log]: Fast XMLRPC Listening on port 2001 c: filipa
(00:00:01.2924878) TabletPlayer[log]: Found Thalamus Master for character 'filipa' at '194.210.223.28:2002/2003'.
(00:00:01.2967825) TabletPlayer[log]: Set Master fast endpoint to 194.210.223.28:2002
(00:00:01.2970388) TabletPlayer[log]: Set Master slow endpoint to 194.210.223.28:2003
(00:00:01.2971113) TabletPlayer[log]: Connecting... f: 2001 s: 2000
(00:00:01.3540149) TabletPlayer[log]: Connected with clientId '0ab0e75e-1d1d-4a25-b49d-960ee7e04b2c'
(00:00:01.4046763) TabletPlayer[log]: Performing registration...
(00:00:01.4089964) TabletPlayer[log]: Cleared subscriptions of character filipa.
(00:00:01.4091698) TabletPlayer[log]: Announcing event information...
(00:00:01.4216670) TabletPlayer[log]: Done.
(00:00:01.4218096) TabletPlayer[log]: Announcing and Subscribing to events...
(00:00:01.4344525) TabletPlayer[log]: Done.
(00:00:01.7474736) TabletPlayer[log]: 1.7470068::Received:IThalamusClient.Connected:(IThalamusClient.Connected):[uid=0ab0e75e-1d1d-4a25-b49d-960ee7e04b2c;port=2004;]
(00:02:16.7179227) TabletPlayer[log]: 136.7179037::Received:ITabletSubscribing.ReceiveZ:(ITabletSubscribing.ReceiveZ):[]
(00:02:18.8179941) TabletPlayer[error]: Exception in ReceiveEvent: Exception has been thrown by the target of an invocation.: System.Net.WebException: The operation has timed out
   at System.Net.HttpWebRequest.GetRequestStream(TransportContext& context)
   at System.Net.HttpWebRequest.GetRequestStream()
   at CookComputing.XmlRpc.XmlRpcClientProtocol.Invoke(Object clientObj, MethodInfo mi, Object[] parameters)
   at CookComputing.XmlRpc.XmlRpcClientProtocol.Invoke(MethodInfo mi, Object[] Parameters)
   at XmlRpcProxy58fe2de9-219f-4872-a990-801b73860131.ReceiveZ()
   at ThalamusConnector.ReceiveZ() in C:\Users\Filipa\Devel\for-the-planet\ThalamusTabletClient\ThalamusConnector.cs:line 47.
(00:02:53.3740050) TabletPlayer[log]: Sending Master a Disconnect message...
(00:02:53.3991509) TabletPlayer[log]: Sent disconnect message.
(00:02:53.3993162) TabletPlayer[log]: Set shutdown flag.
(00:02:53.4009034) TabletPlayer[log]: Terminated ReceiveSlowHttpRequestsDispatcher
(00:02:53.4028767) TabletPlayer[log]: Terminated ReceiveFastHttpRequestsDispatcher
(00:02:53.4029161) TabletPlayer[log]: Terminated ReceiveMessagesDispatcher
(00:02:53.4089133) TabletPlayer[log]: Terminated SendMessagesDispatcher
(00:02:54.3148042) TabletPlayer[log]: Terminated AutoDiscoveryClient
(00:02:54.3161351) TabletPlayer[log]: Stopped Fast HTTP listener.
(00:02:54.3195468) TabletPlayer[log]: Stopped Slow HTTP listener.
(00:02:54.3258015) TabletPlayer[log]: Terminated FastHttpListenerThread
(00:02:54.3294773) TabletPlayer[log]: Terminated SlowHttpListenerThread
(00:02:54.3428791) TabletPlayer[log]: Dumped log to 'Logs\TabletPlayer.2020-3-3at13-12-46-774.log'
