(00:00:00.0124877) TabletPlayer[log]: Found Perception interface: 'IThalamusTabletSubscriber'
(00:00:00.0151638) TabletPlayer[log]: Subscribed to event 'IThalamusTabletSubscriber.ReceiveZ'
(00:00:00.0201699) TabletPlayer[log]: Attempt to start service on port '2000'
(00:00:00.0203019) TabletPlayer[log]: Attempt to start Slow service on port '2000'
(00:00:00.0899482) TabletPlayer[log]: Creating publisher from type 'IThalamusTabletPublisher'
(00:00:00.0901837) TabletPlayer[log]: Found Action interface: 'ITabletPublisher'
(00:00:00.0905068) TabletPlayer[log]: Announced event 'ITabletPublisher.SendA'
(00:00:00.0910332) TabletPlayer[log]: Registered action 'ITabletPublisher.SendA' in publisher.
(00:00:00.1935898) TabletPlayer[log]: Searching for Thalamus Character filipa...
(00:00:00.2140655) TabletPlayer[log]: Slow XMLRPC Listening on port 2000
(00:00:00.2432872) TabletPlayer[log]: Port -1 unavaliable.
(00:00:00.2433926) TabletPlayer[log]: Attempt to start service on port '2001'
(00:00:00.5202035) TabletPlayer[log]: Fast XMLRPC Listening on port 2001 c: filipa
(00:00:00.5231094) TabletPlayer[log]: XMLRPC Listening on http://*:7002/
(00:00:00.8661187) TabletPlayer[log]: Found Thalamus Master for character 'filipa' at '194.210.223.28:2002/2003'.
(00:00:00.8714294) TabletPlayer[log]: Set Master fast endpoint to 194.210.223.28:2002
(00:00:00.8718033) TabletPlayer[log]: Set Master slow endpoint to 194.210.223.28:2003
(00:00:00.8722065) TabletPlayer[log]: Connecting... f: 2001 s: 2000
(00:00:00.9089792) TabletPlayer[log]: Connected with clientId '6c26c4ff-0104-4ea4-82bd-693cad7a0e13'
(00:00:00.9512117) TabletPlayer[log]: Performing registration...
(00:00:00.9590217) TabletPlayer[log]: Cleared subscriptions of character filipa.
(00:00:00.9592075) TabletPlayer[log]: Announcing event information...
(00:00:00.9702833) TabletPlayer[log]: Done.
(00:00:00.9704316) TabletPlayer[log]: Announcing and Subscribing to events...
(00:00:00.9841247) TabletPlayer[log]: Done.
(00:00:01.3263425) TabletPlayer[log]: 1.3258657::Received:IThalamusClient.Connected:(IThalamusClient.Connected):[uid=6c26c4ff-0104-4ea4-82bd-693cad7a0e13;port=2004;]
(02:06:56.5969349) TabletPlayer[log]: 7616.5969273::Received:IThalamusTabletSubscriber.ReceiveZ:(IThalamusTabletSubscriber.ReceiveZ):[]
(02:06:58.7082064) TabletPlayer[error]: Exception in ReceiveEvent: Exception has been thrown by the target of an invocation.: System.Net.WebException: The operation has timed out
   at System.Net.HttpWebRequest.GetRequestStream(TransportContext& context)
   at System.Net.HttpWebRequest.GetRequestStream()
   at CookComputing.XmlRpc.XmlRpcClientProtocol.Invoke(Object clientObj, MethodInfo mi, Object[] parameters)
   at CookComputing.XmlRpc.XmlRpcClientProtocol.Invoke(MethodInfo mi, Object[] Parameters)
   at XmlRpcProxy69305961-7783-4f14-83a7-412419f1974b.ReceiveZ()
   at ThalamusConnector.ReceiveZ() in C:\Users\Filipa\Devel\for-the-planet\ThalamusTabletClient\ThalamusConnector.cs:line 47.
(02:07:14.3531072) TabletPlayer[log]: Sending Master a Disconnect message...
(02:07:14.3771422) TabletPlayer[log]: Sent disconnect message.
(02:07:14.3773098) TabletPlayer[log]: Set shutdown flag.
(02:07:14.3820213) TabletPlayer[log]: Terminated ReceiveMessagesDispatcher
(02:07:14.3832084) TabletPlayer[log]: Terminated SendMessagesDispatcher
(02:07:14.3832846) TabletPlayer[log]: Terminated ReceiveSlowHttpRequestsDispatcher
(02:07:14.3832034) TabletPlayer[log]: Terminated ReceiveFastHttpRequestsDispatcher
(02:07:15.1407873) TabletPlayer[log]: Terminated AutoDiscoveryClient
(02:07:15.1420685) TabletPlayer[log]: Stopped Fast HTTP listener.
(02:07:15.1437967) TabletPlayer[log]: Stopped Slow HTTP listener.
(02:07:15.1522268) TabletPlayer[log]: Terminated FastHttpListenerThread
(02:07:15.1555556) TabletPlayer[log]: Terminated SlowHttpListenerThread
(02:07:15.1688576) TabletPlayer[log]: Dumped log to 'Logs\TabletPlayer.2020-3-3at15-17-40-108.log'
