(00:00:00.0135288) TabletPlayer[log]: Found Perception interface: 'ITabletSubscribing'
(00:00:00.0165321) TabletPlayer[log]: Subscribed to event 'ITabletSubscribing.ReceiveZ'
(00:00:00.0207923) TabletPlayer[log]: Attempt to start service on port '2000'
(00:00:00.0214829) TabletPlayer[log]: Attempt to start Slow service on port '2000'
(00:00:00.0303636) TabletPlayer[log]: Creating publisher from type 'ITabletPublishing'
(00:00:00.1881991) TabletPlayer[log]: Fast XMLRPC Listening on port 2000 c: filipa
(00:00:00.2439225) TabletPlayer[log]: Slow Port unavaliable.
(00:00:00.2440321) TabletPlayer[log]: Attempt to start Slow service on port '2001'
(00:00:00.2446893) TabletPlayer[log]: Searching for Thalamus Character filipa...
(00:00:00.2510525) TabletPlayer[log]: Found Thalamus Master for character 'filipa' at '194.210.223.28:2002/2003'.
(00:00:00.3932016) TabletPlayer[log]: XMLRPC Listening on http://*:7000/
(00:00:00.4737465) TabletPlayer[log]: Slow XMLRPC Listening on port 2001
(00:00:00.5145579) TabletPlayer[log]: Set Master fast endpoint to 194.210.223.28:2002
(00:00:00.5153873) TabletPlayer[log]: Set Master slow endpoint to 194.210.223.28:2003
(00:00:00.5156612) TabletPlayer[log]: Connecting... f: 2000 s: 2001
(00:00:00.5588778) TabletPlayer[log]: Connected with clientId 'ddafa349-0c59-45cd-b8de-901c7d9d16a6'
(00:00:00.5996615) TabletPlayer[log]: Performing registration...
(00:00:00.6092779) TabletPlayer[log]: Cleared subscriptions of character filipa.
(00:00:00.6094801) TabletPlayer[log]: Announcing event information...
(00:00:00.6204394) TabletPlayer[log]: Done.
(00:00:00.6205756) TabletPlayer[log]: Announcing and Subscribing to events...
(00:00:00.6379964) TabletPlayer[log]: Done.
(00:00:00.9969466) TabletPlayer[log]: 0.9964497::Received:IThalamusClient.Connected:(IThalamusClient.Connected):[uid=ddafa349-0c59-45cd-b8de-901c7d9d16a6;port=2004;]
(01:49:24.0946013) TabletPlayer[log]: 6564.094591::Received:ITabletSubscribing.ReceiveZ:(ITabletSubscribing.ReceiveZ):[]
(01:49:25.4421677) TabletPlayer[error]: Method 'SendA' not found in type 'ITabletPublishing'!
(01:49:25.5473158) TabletPlayer[error]: Exception in ReceiveEvent: Exception has been thrown by the target of an invocation.: CookComputing.XmlRpc.XmlRpcFaultException: Server returned a fault exception: [0] 'Thalamus.ThalamusPublisher' does not contain a definition for 'SendA'
   at CookComputing.XmlRpc.XmlRpcSerializer.DeserializeResponse(XmlDocument xdoc, Type returnType)
   at CookComputing.XmlRpc.XmlRpcSerializer.DeserializeResponse(Stream stm, Type svcType)
   at CookComputing.XmlRpc.XmlRpcClientProtocol.ReadResponse(XmlRpcRequest req, WebResponse webResp, Stream respStm, Type returnType)
   at CookComputing.XmlRpc.XmlRpcClientProtocol.Invoke(Object clientObj, MethodInfo mi, Object[] parameters)
   at CookComputing.XmlRpc.XmlRpcClientProtocol.Invoke(MethodInfo mi, Object[] Parameters)
   at XmlRpcProxy022b8d68-e931-4f70-9f3a-27c0a4517451.ReceiveZ()
   at ThalamusConnector.ReceiveZ() in C:\Users\Filipa\Devel\for-the-planet\ThalamusTabletClient\ThalamusConnector.cs:line 47.
(01:49:28.0639916) TabletPlayer[log]: Sending Master a Disconnect message...
(01:49:28.0902320) TabletPlayer[log]: Sent disconnect message.
(01:49:28.0904508) TabletPlayer[log]: Set shutdown flag.
(01:49:28.0928390) TabletPlayer[log]: Terminated ReceiveSlowHttpRequestsDispatcher
(01:49:28.0942715) TabletPlayer[log]: Terminated SendMessagesDispatcher
(01:49:28.0942847) TabletPlayer[log]: Terminated ReceiveMessagesDispatcher
(01:49:28.0942673) TabletPlayer[log]: Terminated ReceiveFastHttpRequestsDispatcher
(01:49:28.6513535) TabletPlayer[log]: Terminated AutoDiscoveryClient
(01:49:28.6523794) TabletPlayer[log]: Stopped Fast HTTP listener.
(01:49:28.6563555) TabletPlayer[log]: Stopped Slow HTTP listener.
(01:49:28.6616757) TabletPlayer[log]: Terminated FastHttpListenerThread
(01:49:28.6644553) TabletPlayer[log]: Terminated SlowHttpListenerThread
(01:49:28.6774490) TabletPlayer[log]: Dumped log to 'Logs\TabletPlayer.2020-3-3at15- 0-13-979.log'
