(00:00:00.0164472) TabletPlayer[log]: Found Perception interface: 'ITabletSubscribing'
(00:00:00.0194179) TabletPlayer[log]: Subscribed to event 'ITabletSubscribing.ReceiveZ'
(00:00:00.0321173) TabletPlayer[log]: Attempt to start Slow service on port '2000'
(00:00:00.0324924) TabletPlayer[log]: Attempt to start service on port '2000'
(00:00:00.1373787) TabletPlayer[log]: Searching for Thalamus Character filipa...
(00:00:00.1499651) TabletPlayer[log]: Creating publisher from type 'ITabletPublishing'
(00:00:00.1707961) TabletPlayer[log]: Fast XMLRPC Listening on port 2000 c: filipa
(00:00:00.2050343) TabletPlayer[log]: Slow Port unavaliable.
(00:00:00.2051481) TabletPlayer[log]: Attempt to start Slow service on port '2001'
(00:00:00.2563336) TabletPlayer[log]: Found Thalamus Master for character 'filipa' at '194.210.223.28:2002/2003'.
(00:00:00.5007507) TabletPlayer[log]: Slow XMLRPC Listening on port 2001
(00:00:00.5065783) TabletPlayer[log]: XMLRPC Listening on http://*:7000/
(00:00:00.5844503) TabletPlayer[log]: Set Master fast endpoint to 194.210.223.28:2002
(00:00:00.5846888) TabletPlayer[log]: Set Master slow endpoint to 194.210.223.28:2003
(00:00:00.5847571) TabletPlayer[log]: Connecting... f: 2000 s: 2001
(00:00:00.6248813) TabletPlayer[log]: Connected with clientId '45795005-264d-4f49-98eb-963d03f66c35'
(00:00:00.6739533) TabletPlayer[log]: Performing registration...
(00:00:00.6860971) TabletPlayer[log]: Cleared subscriptions of character filipa.
(00:00:00.6864763) TabletPlayer[log]: Announcing event information...
(00:00:00.6969214) TabletPlayer[log]: Done.
(00:00:00.6974304) TabletPlayer[log]: Announcing and Subscribing to events...
(00:00:00.7133440) TabletPlayer[log]: Done.
(00:00:01.0377185) TabletPlayer[log]: 1.037252::Received:IThalamusClient.Connected:(IThalamusClient.Connected):[uid=45795005-264d-4f49-98eb-963d03f66c35;port=2004;]
(00:38:00.0929191) TabletPlayer[log]: 2280.0929112::Received:ITabletSubscribing.ReceiveZ:(ITabletSubscribing.ReceiveZ):[]
(00:38:01.4254829) TabletPlayer[error]: Method 'SendA' not found in type 'ITabletPublishing'!
(00:38:01.4897392) TabletPlayer[error]: Exception in ReceiveEvent: Exception has been thrown by the target of an invocation.: CookComputing.XmlRpc.XmlRpcFaultException: Server returned a fault exception: [0] 'Thalamus.ThalamusPublisher' does not contain a definition for 'SendA'
   at CookComputing.XmlRpc.XmlRpcSerializer.DeserializeResponse(XmlDocument xdoc, Type returnType)
   at CookComputing.XmlRpc.XmlRpcSerializer.DeserializeResponse(Stream stm, Type svcType)
   at CookComputing.XmlRpc.XmlRpcClientProtocol.ReadResponse(XmlRpcRequest req, WebResponse webResp, Stream respStm, Type returnType)
   at CookComputing.XmlRpc.XmlRpcClientProtocol.Invoke(Object clientObj, MethodInfo mi, Object[] parameters)
   at CookComputing.XmlRpc.XmlRpcClientProtocol.Invoke(MethodInfo mi, Object[] Parameters)
   at XmlRpcProxy9c9a2898-d3b6-4773-be53-c5b7ebdd2be2.ReceiveZ()
   at ThalamusConnector.ReceiveZ() in C:\Users\Filipa\Devel\for-the-planet\ThalamusTabletClient\ThalamusConnector.cs:line 47.
(00:40:45.7006199) TabletPlayer[log]: Sending Master a Disconnect message...
(00:40:45.7280379) TabletPlayer[log]: Sent disconnect message.
(00:40:45.7282431) TabletPlayer[log]: Set shutdown flag.
(00:40:45.7300290) TabletPlayer[log]: Terminated SendMessagesDispatcher
(00:40:45.7330422) TabletPlayer[log]: Terminated ReceiveSlowHttpRequestsDispatcher
(00:40:45.7360175) TabletPlayer[log]: Terminated ReceiveMessagesDispatcher
(00:40:45.7360459) TabletPlayer[log]: Terminated ReceiveFastHttpRequestsDispatcher
(00:40:46.0253244) TabletPlayer[log]: Terminated AutoDiscoveryClient
(00:40:46.0265510) TabletPlayer[log]: Stopped Fast HTTP listener.
(00:40:46.0309894) TabletPlayer[log]: Stopped Slow HTTP listener.
(00:40:46.0391772) TabletPlayer[log]: Terminated SlowHttpListenerThread
(00:40:46.0404439) TabletPlayer[log]: Terminated FastHttpListenerThread
(00:40:46.0534326) TabletPlayer[log]: Dumped log to 'Logs\TabletPlayer.2020-3-3at13-48-52-79.log'
