(00:00:00.0133172) TabletPlayer[log]: Found Perception interface: 'ITabletSubscribing'
(00:00:00.0161290) TabletPlayer[log]: Subscribed to event 'ITabletSubscribing.ReceiveZ'
(00:00:00.0225403) TabletPlayer[log]: Attempt to start Slow service on port '2000'
(00:00:00.0248132) TabletPlayer[log]: Attempt to start service on port '2000'
(00:00:00.0666489) TabletPlayer[log]: Creating publisher from type 'ITabletPublishing'
(00:00:00.0668151) TabletPlayer[log]: Found Action interface: 'LOL'
(00:00:00.0671078) TabletPlayer[log]: Announced event 'LOL.SendA'
(00:00:00.0677192) TabletPlayer[log]: Registered action 'LOL.SendA' in publisher.
(00:00:00.2086399) TabletPlayer[log]: Searching for Thalamus Character filipa...
(00:00:00.2216044) TabletPlayer[log]: Slow XMLRPC Listening on port 2000
(00:00:00.2716954) TabletPlayer[log]: Port -1 unavaliable.
(00:00:00.2717997) TabletPlayer[log]: Attempt to start service on port '2001'
(00:00:00.3751660) TabletPlayer[log]: XMLRPC Listening on http://*:7000/
(00:00:00.5443143) TabletPlayer[log]: Fast XMLRPC Listening on port 2001 c: filipa
(00:00:01.0937100) TabletPlayer[log]: Found Thalamus Master for character 'filipa' at '194.210.223.28:2002/2003'.
(00:00:01.1038521) TabletPlayer[log]: Set Master fast endpoint to 194.210.223.28:2002
(00:00:01.1044521) TabletPlayer[log]: Set Master slow endpoint to 194.210.223.28:2003
(00:00:01.1048689) TabletPlayer[log]: Connecting... f: 2001 s: 2000
(00:00:01.1555963) TabletPlayer[log]: Connected with clientId '7560bbb6-b963-499c-8e59-ddbc50eccf21'
(00:00:01.1892511) TabletPlayer[log]: Performing registration...
(00:00:01.1945524) TabletPlayer[log]: Cleared subscriptions of character filipa.
(00:00:01.1947272) TabletPlayer[log]: Announcing event information...
(00:00:01.2056528) TabletPlayer[log]: Done.
(00:00:01.2058227) TabletPlayer[log]: Announcing and Subscribing to events...
(00:00:01.2194654) TabletPlayer[log]: Done.
(00:00:01.6071530) TabletPlayer[log]: 1.6066762::Received:IThalamusClient.Connected:(IThalamusClient.Connected):[uid=7560bbb6-b963-499c-8e59-ddbc50eccf21;port=2004;]
(01:37:55.7828532) TabletPlayer[log]: 5875.7828425::Received:ITabletSubscribing.ReceiveZ:(ITabletSubscribing.ReceiveZ):[]
(01:37:57.0854398) TabletPlayer[log]: 5877.0854322:Sent::LOL.SendA:(LOL.SendA):[]
(01:38:07.7207435) TabletPlayer[log]: Sending Master a Disconnect message...
(01:38:07.7459090) TabletPlayer[log]: Sent disconnect message.
(01:38:07.7460990) TabletPlayer[log]: Set shutdown flag.
(01:38:07.7494941) TabletPlayer[log]: Terminated ReceiveMessagesDispatcher
(01:38:07.7495336) TabletPlayer[log]: Terminated SendMessagesDispatcher
(01:38:07.7495343) TabletPlayer[log]: Terminated ReceiveSlowHttpRequestsDispatcher
(01:38:07.7495370) TabletPlayer[log]: Terminated ReceiveFastHttpRequestsDispatcher
(01:38:07.8567596) TabletPlayer[log]: Terminated AutoDiscoveryClient
(01:38:07.8589968) TabletPlayer[log]: Stopped Fast HTTP listener.
(01:38:07.8625087) TabletPlayer[log]: Stopped Slow HTTP listener.
(01:38:07.8763455) TabletPlayer[log]: Terminated FastHttpListenerThread
(01:38:07.8777947) TabletPlayer[log]: Terminated SlowHttpListenerThread
(01:38:07.8926528) TabletPlayer[log]: Dumped log to 'Logs\TabletPlayer.2020-3-3at14-48-41-582.log'
