(00:00:00.0126004) TabletPlayer[log]: Found Perception interface: 'ITabletSubscribing'
(00:00:00.0155077) TabletPlayer[log]: Subscribed to event 'ITabletSubscribing.ReceiveZ'
(00:00:00.0200569) TabletPlayer[log]: Attempt to start service on port '2000'
(00:00:00.0208993) TabletPlayer[log]: Attempt to start Slow service on port '2000'
(00:00:00.0509637) TabletPlayer[log]: Creating publisher from type 'ITabletPublishing'
(00:00:00.0511195) TabletPlayer[log]: Found Action interface: 'LOL'
(00:00:00.0514063) TabletPlayer[log]: Announced event 'LOL.SendA'
(00:00:00.0519152) TabletPlayer[log]: Registered action 'LOL.SendA' in publisher.
(00:00:00.2263549) TabletPlayer[log]: Fast XMLRPC Listening on port 2000 c: filipa
(00:00:00.2520056) TabletPlayer[log]: Searching for Thalamus Character filipa...
(00:00:00.2834148) TabletPlayer[log]: Slow Port unavaliable.
(00:00:00.2835123) TabletPlayer[log]: Attempt to start Slow service on port '2001'
(00:00:00.4028487) TabletPlayer[log]: XMLRPC Listening on http://*:7000/
(00:00:00.4124917) TabletPlayer[log]: Slow XMLRPC Listening on port 2001
(00:00:00.8588965) TabletPlayer[log]: Found Thalamus Master for character 'filipa' at '194.210.223.28:2002/2003'.
(00:00:00.8642899) TabletPlayer[log]: Set Master fast endpoint to 194.210.223.28:2002
(00:00:00.8653977) TabletPlayer[log]: Set Master slow endpoint to 194.210.223.28:2003
(00:00:00.8658282) TabletPlayer[log]: Connecting... f: 2000 s: 2001
(00:00:00.9117845) TabletPlayer[log]: Connected with clientId 'd07e5f9e-9b0f-400b-8a1c-be9664062d6b'
(00:00:00.9589216) TabletPlayer[log]: Performing registration...
(00:00:00.9728023) TabletPlayer[log]: Cleared subscriptions of character filipa.
(00:00:00.9729867) TabletPlayer[log]: Announcing event information...
(00:00:00.9899345) TabletPlayer[log]: Done.
(00:00:00.9901472) TabletPlayer[log]: Announcing and Subscribing to events...
(00:00:01.0093122) TabletPlayer[log]: Done.
(00:00:01.4121211) TabletPlayer[log]: 1.4116383::Received:IThalamusClient.Connected:(IThalamusClient.Connected):[uid=d07e5f9e-9b0f-400b-8a1c-be9664062d6b;port=2004;]
(01:47:14.3866057) TabletPlayer[log]: 6434.3865909::Received:ITabletSubscribing.ReceiveZ:(ITabletSubscribing.ReceiveZ):[]
(01:47:15.6867744) TabletPlayer[log]: 6435.6867691:Sent::LOL.SendA:(LOL.SendA):[]
(01:47:20.2792829) TabletPlayer[log]: Sending Master a Disconnect message...
(01:47:20.3009787) TabletPlayer[log]: Sent disconnect message.
(01:47:20.3011482) TabletPlayer[log]: Set shutdown flag.
(01:47:20.3047523) TabletPlayer[log]: Terminated AutoDiscoveryClient
(01:47:20.3056359) TabletPlayer[log]: Stopped Fast HTTP listener.
(01:47:20.3082153) TabletPlayer[log]: Terminated ReceiveMessagesDispatcher
(01:47:20.3083184) TabletPlayer[log]: Terminated SendMessagesDispatcher
(01:47:20.3081971) TabletPlayer[log]: Terminated ReceiveFastHttpRequestsDispatcher
(01:47:20.3291794) TabletPlayer[log]: Terminated ReceiveSlowHttpRequestsDispatcher
(01:47:20.3353093) TabletPlayer[log]: Terminated FastHttpListenerThread
(01:47:20.3398653) TabletPlayer[log]: Stopped Slow HTTP listener.
(01:47:20.3426593) TabletPlayer[log]: Terminated SlowHttpListenerThread
(01:47:20.3558628) TabletPlayer[log]: Dumped log to 'Logs\TabletPlayer.2020-3-3at14-57-59-270.log'
