(00:00:00.0498198) TabletPlayer[log]: Found Perception interface: 'ITabletSubscribing'
(00:00:00.0580038) TabletPlayer[log]: Subscribed to event 'ITabletSubscribing.ReceiveZ'
(00:00:00.0700623) TabletPlayer[log]: Attempt to start service on port '2000'
(00:00:00.0734194) TabletPlayer[log]: Attempt to start Slow service on port '2000'
(00:00:00.1836643) TabletPlayer[log]: Creating publisher from type 'ITabletPublishing'
(00:00:00.1862675) TabletPlayer[log]: Found Action interface: 'LOL'
(00:00:00.1895477) TabletPlayer[log]: Announced event 'LOL.SendA'
(00:00:00.1964695) TabletPlayer[log]: Registered action 'LOL.SendA' in publisher.
(00:00:00.3327314) TabletPlayer[log]: Fast XMLRPC Listening on port 2000 c: filipa
(00:00:00.3689557) TabletPlayer[log]: Slow Port unavaliable.
(00:00:00.3693175) TabletPlayer[log]: Attempt to start Slow service on port '2001'
(00:00:00.3690452) TabletPlayer[log]: Searching for Thalamus Character filipa...
(00:00:00.5540335) TabletPlayer[log]: XMLRPC Listening on http://*:7001/
(00:00:00.5598703) TabletPlayer[log]: Slow XMLRPC Listening on port 2001
(00:00:00.7745700) TabletPlayer[log]: Found Thalamus Master for character 'filipa' at '194.210.223.28:2002/2003'.
(00:00:00.7789970) TabletPlayer[log]: Set Master fast endpoint to 194.210.223.28:2002
(00:00:00.7793338) TabletPlayer[log]: Set Master slow endpoint to 194.210.223.28:2003
(00:00:00.7795864) TabletPlayer[log]: Connecting... f: 2000 s: 2001
(00:00:00.8226608) TabletPlayer[log]: Connected with clientId '7d9a0aee-2c65-4acd-9913-e48c390d02cc'
(00:00:00.8568550) TabletPlayer[log]: Performing registration...
(00:00:00.8618107) TabletPlayer[log]: Cleared subscriptions of character filipa.
(00:00:00.8620280) TabletPlayer[log]: Announcing event information...
(00:00:00.8727466) TabletPlayer[log]: Done.
(00:00:00.8728842) TabletPlayer[log]: Announcing and Subscribing to events...
(00:00:00.8961269) TabletPlayer[log]: Done.
(00:00:01.3194013) TabletPlayer[log]: 1.3183542::Received:IThalamusClient.Connected:(IThalamusClient.Connected):[uid=7d9a0aee-2c65-4acd-9913-e48c390d02cc;port=2004;]
(01:40:10.8546140) TabletPlayer[log]: 6010.8546056::Received:ITabletSubscribing.ReceiveZ:(ITabletSubscribing.ReceiveZ):[]
(01:40:10.9481750) TabletPlayer[error]: Exception in ReceiveEvent: Exception has been thrown by the target of an invocation.: CookComputing.XmlRpc.XmlRpcFaultException: Server returned a fault exception: [0] unsupported method called: ReceiveZ
   at CookComputing.XmlRpc.XmlRpcSerializer.DeserializeResponse(XmlDocument xdoc, Type returnType)
   at CookComputing.XmlRpc.XmlRpcSerializer.DeserializeResponse(Stream stm, Type svcType)
   at CookComputing.XmlRpc.XmlRpcClientProtocol.ReadResponse(XmlRpcRequest req, WebResponse webResp, Stream respStm, Type returnType)
   at CookComputing.XmlRpc.XmlRpcClientProtocol.Invoke(Object clientObj, MethodInfo mi, Object[] parameters)
   at CookComputing.XmlRpc.XmlRpcClientProtocol.Invoke(MethodInfo mi, Object[] Parameters)
   at XmlRpcProxy67a465ba-856e-49f9-8a83-dc51ba11fb3a.ReceiveZ()
   at ThalamusConnector.ReceiveZ() in C:\Users\Filipa\Devel\for-the-planet\ThalamusTabletClient\ThalamusConnector.cs:line 47.
(01:40:20.6908255) TabletPlayer[log]: Sending Master a Disconnect message...
(01:40:20.7138843) TabletPlayer[log]: Sent disconnect message.
(01:40:20.7140420) TabletPlayer[log]: Set shutdown flag.
(01:40:20.7144903) TabletPlayer[log]: Terminated ReceiveFastHttpRequestsDispatcher
(01:40:20.7174728) TabletPlayer[log]: Terminated ReceiveSlowHttpRequestsDispatcher
(01:40:20.7195181) TabletPlayer[log]: Terminated ReceiveMessagesDispatcher
(01:40:20.7205057) TabletPlayer[log]: Terminated SendMessagesDispatcher
(01:40:20.9727586) TabletPlayer[log]: Terminated AutoDiscoveryClient
(01:40:20.9741194) TabletPlayer[log]: Stopped Fast HTTP listener.
(01:40:20.9742623) TabletPlayer[log]: Stopped Slow HTTP listener.
(01:40:20.9816078) TabletPlayer[log]: Terminated FastHttpListenerThread
(01:40:20.9865305) TabletPlayer[log]: Terminated SlowHttpListenerThread
(01:40:20.9998394) TabletPlayer[log]: Dumped log to 'Logs\TabletPlayer.2020-3-3at14-50-59-18.log'
