(00:00:00.0124566) TabletPlayer[log]: Found Perception interface: 'ITabletSubscribing'
(00:00:00.0161802) TabletPlayer[log]: Subscribed to event 'ITabletSubscribing.ReceiveZ'
(00:00:00.0792387) TabletPlayer[log]: Attempt to start service on port '2000'
(00:00:00.0795558) TabletPlayer[log]: Attempt to start Slow service on port '2000'
(00:00:00.1696861) TabletPlayer[log]: Creating publisher from type 'ITabletPublishing'
(00:00:00.3746112) TabletPlayer[log]: Searching for Thalamus Character filipa...
(00:00:00.3774624) TabletPlayer[log]: Fast XMLRPC Listening on port 2000 c: filipa
(00:00:00.4063068) TabletPlayer[log]: Slow Port unavaliable.
(00:00:00.4074673) TabletPlayer[log]: Attempt to start Slow service on port '2001'
(00:00:00.4839356) TabletPlayer[log]: Slow XMLRPC Listening on port 2001
(00:00:00.5450323) TabletPlayer[log]: XMLRPC Listening on http://*:7002/
(00:00:00.9837890) TabletPlayer[log]: Found Thalamus Master for character 'filipa' at '194.210.234.66:2004/2005'.
(00:00:00.9936118) TabletPlayer[log]: Set Master fast endpoint to 194.210.234.66:2004
(00:00:00.9941518) TabletPlayer[log]: Set Master slow endpoint to 194.210.234.66:2005
(00:00:00.9943919) TabletPlayer[log]: Connecting... f: 2000 s: 2001
(00:00:01.0523711) TabletPlayer[log]: Connected with clientId '450dcefe-b77a-472a-a75a-596f2ff1114d'
(00:00:01.0968279) TabletPlayer[log]: Performing registration...
(00:00:01.1096149) TabletPlayer[log]: Cleared subscriptions of character filipa.
(00:00:01.1098451) TabletPlayer[log]: Announcing event information...
(00:00:01.1253252) TabletPlayer[log]: Done.
(00:00:01.1255327) TabletPlayer[log]: Announcing and Subscribing to events...
(00:00:01.1441454) TabletPlayer[log]: Done.
(00:00:01.4887647) TabletPlayer[log]: 1.4882978::Received:IThalamusClient.Connected:(IThalamusClient.Connected):[uid=450dcefe-b77a-472a-a75a-596f2ff1114d;port=2002;]
(01:17:18.3369664) TabletPlayer[log]: 4638.3369584::Received:ITabletSubscribing.ReceiveZ:(ITabletSubscribing.ReceiveZ):[]
(01:17:18.4633107) TabletPlayer[error]: Exception in ReceiveEvent: Exception has been thrown by the target of an invocation.: CookComputing.XmlRpc.XmlRpcFaultException: Server returned a fault exception: [0] unsupported method called: ReceiveZ
   at CookComputing.XmlRpc.XmlRpcSerializer.DeserializeResponse(XmlDocument xdoc, Type returnType)
   at CookComputing.XmlRpc.XmlRpcSerializer.DeserializeResponse(Stream stm, Type svcType)
   at CookComputing.XmlRpc.XmlRpcClientProtocol.ReadResponse(XmlRpcRequest req, WebResponse webResp, Stream respStm, Type returnType)
   at CookComputing.XmlRpc.XmlRpcClientProtocol.Invoke(Object clientObj, MethodInfo mi, Object[] parameters)
   at CookComputing.XmlRpc.XmlRpcClientProtocol.Invoke(MethodInfo mi, Object[] Parameters)
   at XmlRpcProxyeb80fa40-f071-413e-9051-fe76f3219f9b.ReceiveZ()
   at ThalamusConnector.ReceiveZ() in C:\Users\Filipa\Devel\for-the-planet\ThalamusTabletClient\ThalamusConnector.cs:line 47.
(01:17:29.4756805) TabletPlayer[log]: Sending Master a Disconnect message...
(01:17:29.5035399) TabletPlayer[log]: Sent disconnect message.
(01:17:29.5037185) TabletPlayer[log]: Set shutdown flag.
(01:17:29.5063153) TabletPlayer[log]: Terminated ReceiveMessagesDispatcher
(01:17:29.5073237) TabletPlayer[log]: Terminated ReceiveSlowHttpRequestsDispatcher
(01:17:29.5093501) TabletPlayer[log]: Terminated SendMessagesDispatcher
(01:17:29.5113397) TabletPlayer[log]: Terminated ReceiveFastHttpRequestsDispatcher
(01:17:29.8997270) TabletPlayer[log]: Terminated AutoDiscoveryClient
(01:17:29.9008234) TabletPlayer[log]: Stopped Fast HTTP listener.
(01:17:29.9032017) TabletPlayer[log]: Stopped Slow HTTP listener.
(01:17:29.9114619) TabletPlayer[log]: Terminated SlowHttpListenerThread
(01:17:29.9127821) TabletPlayer[log]: Terminated FastHttpListenerThread
(01:17:29.9258145) TabletPlayer[log]: Dumped log to 'Logs\TabletPlayer.2020-3-3at11-56-50-734.log'
