(00:00:00.0298452) TabletPlayer[log]: Attempt to start service on port '2000'
(00:00:00.0302020) TabletPlayer[log]: Attempt to start Slow service on port '2000'
(00:00:00.0511196) TabletPlayer[log]: Creating publisher from type 'ITabletPublishing'
(00:00:00.2283514) TabletPlayer[log]: Searching for Thalamus Character filipa...
(00:00:00.2321349) TabletPlayer[log]: Fast XMLRPC Listening on port 2000 c: filipa
(00:00:00.2871859) TabletPlayer[log]: Slow Port unavaliable.
(00:00:00.2872924) TabletPlayer[log]: Attempt to start Slow service on port '2001'
(00:00:00.3139265) TabletPlayer[log]: Found Thalamus Master for character 'filipa' at '194.210.223.37:2002/2003'.
(00:00:00.3951795) TabletPlayer[log]: XMLRPC Listening on http://*:7002/
(00:00:00.5046944) TabletPlayer[log]: Slow XMLRPC Listening on port 2001
(00:00:00.5385100) TabletPlayer[log]: Set Master fast endpoint to 194.210.223.37:2002
(00:00:00.5387615) TabletPlayer[log]: Set Master slow endpoint to 194.210.223.37:2003
(00:00:00.5388370) TabletPlayer[log]: Connecting... f: 2000 s: 2001
(00:00:00.5769010) TabletPlayer[log]: Connected with clientId '5da4916a-fb6e-4a37-ac08-fc2d7941056c'
(00:00:00.6153720) TabletPlayer[log]: Performing registration...
(00:00:00.6201257) TabletPlayer[log]: Cleared subscriptions of character filipa.
(00:00:00.6202940) TabletPlayer[log]: Announcing event information...
(00:00:00.6332388) TabletPlayer[log]: Done.
(00:00:00.6333742) TabletPlayer[log]: Announcing and Subscribing to events...
(00:00:00.6619762) TabletPlayer[log]: Done.
(00:00:01.0703664) TabletPlayer[log]: 1.0698757::Received:IThalamusClient.Connected:(IThalamusClient.Connected):[uid=5da4916a-fb6e-4a37-ac08-fc2d7941056c;port=2004;]
(00:01:20.1847065) TabletPlayer[log]: Sending Master a Disconnect message...
(00:01:20.2120467) TabletPlayer[log]: Sent disconnect message.
(00:01:20.2122727) TabletPlayer[log]: Set shutdown flag.
(00:01:20.2125697) TabletPlayer[log]: Terminated ReceiveMessagesDispatcher
(00:01:20.2125822) TabletPlayer[log]: Terminated SendMessagesDispatcher
(00:01:20.2126012) TabletPlayer[log]: Terminated ReceiveSlowHttpRequestsDispatcher
(00:01:20.2135743) TabletPlayer[log]: Terminated ReceiveFastHttpRequestsDispatcher
(00:01:20.8701712) TabletPlayer[log]: Terminated AutoDiscoveryClient
(00:01:20.8725264) TabletPlayer[log]: Stopped Fast HTTP listener.
(00:01:20.8818975) TabletPlayer[log]: Stopped Slow HTTP listener.
(00:01:20.8949010) TabletPlayer[log]: Terminated SlowHttpListenerThread
(00:01:20.8949094) TabletPlayer[log]: Terminated FastHttpListenerThread
(00:01:20.9314257) TabletPlayer[log]: Dumped log to 'Logs\TabletPlayer.2020-3-2at17- 4-22-888.log'
