(00:00:00.0128435) TabletPlayer[log]: Found Perception interface: 'ITabletSubscribing'
(00:00:00.0159135) TabletPlayer[log]: Subscribed to event 'ITabletSubscribing.ReceiveZ'
(00:00:00.0203505) TabletPlayer[log]: Attempt to start service on port '2000'
(00:00:00.0272355) TabletPlayer[log]: Attempt to start Slow service on port '2000'
(00:00:00.0706918) TabletPlayer[log]: Creating publisher from type 'ITabletPublishing'
(00:00:00.0708431) TabletPlayer[log]: Found Action interface: 'LOL'
(00:00:00.0711318) TabletPlayer[log]: Announced event 'LOL.SendA'
(00:00:00.0716665) TabletPlayer[log]: Registered action 'LOL.SendA' in publisher.
(00:00:00.1747806) TabletPlayer[log]: Searching for Thalamus Character filipa...
(00:00:00.1825307) TabletPlayer[log]: Slow XMLRPC Listening on port 2000
(00:00:00.1988425) TabletPlayer[log]: Port -1 unavaliable.
(00:00:00.1989794) TabletPlayer[log]: Attempt to start service on port '2001'
(00:00:00.3387665) TabletPlayer[log]: XMLRPC Listening on http://*:7000/
(00:00:00.4034271) TabletPlayer[log]: Fast XMLRPC Listening on port 2001 c: filipa
(00:00:00.7180191) TabletPlayer[log]: Found Thalamus Master for character 'filipa' at '194.210.223.28:2002/2003'.
(00:00:00.7231189) TabletPlayer[log]: Set Master fast endpoint to 194.210.223.28:2002
(00:00:00.7234447) TabletPlayer[log]: Set Master slow endpoint to 194.210.223.28:2003
(00:00:00.7237276) TabletPlayer[log]: Connecting... f: 2001 s: 2000
(00:00:00.7708802) TabletPlayer[log]: Connected with clientId '08c698a3-c55c-4cca-b5a3-283909b369b0'
(00:00:00.8081740) TabletPlayer[log]: Performing registration...
(00:00:00.8209523) TabletPlayer[log]: Cleared subscriptions of character filipa.
(00:00:00.8211229) TabletPlayer[log]: Announcing event information...
(00:00:00.8322731) TabletPlayer[log]: Done.
(00:00:00.8324009) TabletPlayer[log]: Announcing and Subscribing to events...
(00:00:00.8468691) TabletPlayer[log]: Done.
(00:00:01.2057507) TabletPlayer[log]: 1.2052895::Received:IThalamusClient.Connected:(IThalamusClient.Connected):[uid=08c698a3-c55c-4cca-b5a3-283909b369b0;port=2004;]
(01:38:49.9423092) TabletPlayer[log]: 5929.942277::Received:ITabletSubscribing.ReceiveZ:(ITabletSubscribing.ReceiveZ):[]
(01:38:52.0452243) TabletPlayer[error]: Exception in ReceiveEvent: Exception has been thrown by the target of an invocation.: System.Net.WebException: The operation has timed out
   at System.Net.HttpWebRequest.GetRequestStream(TransportContext& context)
   at System.Net.HttpWebRequest.GetRequestStream()
   at CookComputing.XmlRpc.XmlRpcClientProtocol.Invoke(Object clientObj, MethodInfo mi, Object[] parameters)
   at CookComputing.XmlRpc.XmlRpcClientProtocol.Invoke(MethodInfo mi, Object[] Parameters)
   at XmlRpcProxy53b6a38f-3b55-4929-bf4e-1795e9bb1965.ReceiveZ()
   at ThalamusConnector.ReceiveZ() in C:\Users\Filipa\Devel\for-the-planet\ThalamusTabletClient\ThalamusConnector.cs:line 48.
(01:38:56.0103199) TabletPlayer[log]: Sending Master a Disconnect message...
(01:38:56.0373177) TabletPlayer[log]: Sent disconnect message.
(01:38:56.0374849) TabletPlayer[log]: Set shutdown flag.
(01:38:56.0384422) TabletPlayer[log]: Terminated ReceiveFastHttpRequestsDispatcher
(01:38:56.0434567) TabletPlayer[log]: Terminated ReceiveMessagesDispatcher
(01:38:56.0444302) TabletPlayer[log]: Terminated SendMessagesDispatcher
(01:38:56.0474510) TabletPlayer[log]: Terminated ReceiveSlowHttpRequestsDispatcher
(01:38:56.8912695) TabletPlayer[log]: Terminated AutoDiscoveryClient
(01:38:56.8925388) TabletPlayer[log]: Stopped Fast HTTP listener.
(01:38:56.8978636) TabletPlayer[log]: Stopped Slow HTTP listener.
(01:38:56.8991773) TabletPlayer[log]: Terminated FastHttpListenerThread
(01:38:56.9068834) TabletPlayer[log]: Terminated SlowHttpListenerThread
(01:38:56.9203395) TabletPlayer[log]: Dumped log to 'Logs\TabletPlayer.2020-3-3at14-49-41- 4.log'
